[0.471s] Invoking command in '/home/atwalm/cs_classes/robotics/ros-lab-2/src/py_pubsub': PS1=<ROS2-Jazzy>[\u@\h \W]$ PYTHONPATH=/home/atwalm/cs_classes/robotics/ros-lab-2/build/py_pubsub/prefix_override:/usr/lib/python3/dist-packages/colcon_core/task/python/colcon_distutils_commands:/home/atwalm/cs_classes/robotics/ros-lab-2/install/py_pubsub/lib/python3.12/site-packages:${PYTHONPATH} /usr/bin/python3 -W ignore:setup.py install is deprecated -W ignore:easy_install command is deprecated setup.py egg_info --egg-base ../../build/py_pubsub build --build-base /home/atwalm/cs_classes/robotics/ros-lab-2/build/py_pubsub/build install --record /home/atwalm/cs_classes/robotics/ros-lab-2/build/py_pubsub/install.log --single-version-externally-managed install_data
[0.604s] running egg_info
[0.614s] writing ../../build/py_pubsub/py_pubsub.egg-info/PKG-INFO
[0.617s] writing dependency_links to ../../build/py_pubsub/py_pubsub.egg-info/dependency_links.txt
[0.619s] writing entry points to ../../build/py_pubsub/py_pubsub.egg-info/entry_points.txt
[0.621s] writing requirements to ../../build/py_pubsub/py_pubsub.egg-info/requires.txt
[0.623s] writing top-level names to ../../build/py_pubsub/py_pubsub.egg-info/top_level.txt
[0.636s] reading manifest file '../../build/py_pubsub/py_pubsub.egg-info/SOURCES.txt'
[0.638s] writing manifest file '../../build/py_pubsub/py_pubsub.egg-info/SOURCES.txt'
[0.640s] running build
[0.640s] running install
[0.643s] running install_data
[0.643s] copying resource/py_pubsub -> /home/atwalm/cs_classes/robotics/ros-lab-2/install/py_pubsub/share/ament_index/resource_index/packages
[0.646s] copying package.xml -> /home/atwalm/cs_classes/robotics/ros-lab-2/install/py_pubsub/share/py_pubsub
[0.649s] running install_egg_info
[0.667s] Copying ../../build/py_pubsub/py_pubsub.egg-info to /home/atwalm/cs_classes/robotics/ros-lab-2/install/py_pubsub/lib/python3.12/site-packages/py_pubsub-0.0.0-py3.12.egg-info
[0.705s] running install_scripts
[0.787s] Installing pubsub script to /home/atwalm/cs_classes/robotics/ros-lab-2/install/py_pubsub/bin
[0.790s] writing list of installed files to '/home/atwalm/cs_classes/robotics/ros-lab-2/build/py_pubsub/install.log'
[0.805s] Invoked command in '/home/atwalm/cs_classes/robotics/ros-lab-2/src/py_pubsub' returned '0': PS1=<ROS2-Jazzy>[\u@\h \W]$ PYTHONPATH=/home/atwalm/cs_classes/robotics/ros-lab-2/build/py_pubsub/prefix_override:/usr/lib/python3/dist-packages/colcon_core/task/python/colcon_distutils_commands:/home/atwalm/cs_classes/robotics/ros-lab-2/install/py_pubsub/lib/python3.12/site-packages:${PYTHONPATH} /usr/bin/python3 -W ignore:setup.py install is deprecated -W ignore:easy_install command is deprecated setup.py egg_info --egg-base ../../build/py_pubsub build --build-base /home/atwalm/cs_classes/robotics/ros-lab-2/build/py_pubsub/build install --record /home/atwalm/cs_classes/robotics/ros-lab-2/build/py_pubsub/install.log --single-version-externally-managed install_data
