[0.131s] DEBUG:colcon:Command line arguments: ['/usr/bin/colcon', 'build', '--cmake-args', '-DBUILD_TESTING=ON']
[0.131s] DEBUG:colcon:Parsed command line arguments: Namespace(log_base=None, log_level=None, verb_name='build', build_base='build', install_base='install', merge_install=False, symlink_install=False, test_result_base=None, continue_on_error=False, executor='parallel', parallel_workers=28, event_handlers=None, ignore_user_meta=False, metas=['./colcon.meta'], base_paths=['.'], packages_ignore=None, packages_ignore_regex=None, paths=None, packages_up_to=None, packages_up_to_regex=None, packages_above=None, packages_above_and_dependencies=None, packages_above_depth=None, packages_select_by_dep=None, packages_skip_by_dep=None, packages_skip_up_to=None, packages_select_build_failed=False, packages_skip_build_finished=False, packages_select_test_failures=False, packages_skip_test_passed=False, packages_select=None, packages_skip=None, packages_select_regex=None, packages_skip_regex=None, packages_start=None, packages_end=None, allow_overriding=[], cmake_args=['-DBUILD_TESTING=ON'], cmake_target=None, cmake_target_skip_unavailable=False, cmake_clean_cache=False, cmake_clean_first=False, cmake_force_configure=False, ament_cmake_args=None, catkin_cmake_args=None, catkin_skip_building_tests=False, mixin_files=None, mixin=None, verb_parser=<colcon_mixin.mixin.mixin_argument.MixinArgumentDecorator object at 0x7fd63b12e9c0>, verb_extension=<colcon_core.verb.build.BuildVerb object at 0x7fd63b2a3170>, main=<bound method BuildVerb.main of <colcon_core.verb.build.BuildVerb object at 0x7fd63b2a3170>>, mixin_verb=('build',))
[0.172s] Level 1:colcon.colcon_core.package_discovery:discover_packages(colcon_meta) check parameters
[0.172s] Level 1:colcon.colcon_core.package_discovery:discover_packages(recursive) check parameters
[0.173s] Level 1:colcon.colcon_core.package_discovery:discover_packages(ignore) check parameters
[0.173s] Level 1:colcon.colcon_core.package_discovery:discover_packages(path) check parameters
[0.173s] Level 1:colcon.colcon_core.package_discovery:discover_packages(colcon_meta) discover
[0.174s] Level 1:colcon.colcon_core.package_discovery:discover_packages(recursive) discover
[0.174s] INFO:colcon.colcon_core.package_discovery:Crawling recursively for packages in '/home/atwalm/cs_classes/robotics/ros-lab-2'
[0.175s] Level 1:colcon.colcon_core.package_identification:_identify(.) by extensions ['ignore', 'ignore_ament_install']
[0.176s] Level 1:colcon.colcon_core.package_identification:_identify(.) by extension 'ignore'
[0.176s] Level 1:colcon.colcon_core.package_identification:_identify(.) by extension 'ignore_ament_install'
[0.177s] Level 1:colcon.colcon_core.package_identification:_identify(.) by extensions ['colcon_pkg']
[0.178s] Level 1:colcon.colcon_core.package_identification:_identify(.) by extension 'colcon_pkg'
[0.178s] Level 1:colcon.colcon_core.package_identification:_identify(.) by extensions ['colcon_meta']
[0.178s] Level 1:colcon.colcon_core.package_identification:_identify(.) by extension 'colcon_meta'
[0.178s] Level 1:colcon.colcon_core.package_identification:_identify(.) by extensions ['ros']
[0.179s] Level 1:colcon.colcon_core.package_identification:_identify(.) by extension 'ros'
[0.200s] Level 1:colcon.colcon_core.package_identification:_identify(.) by extensions ['cmake', 'python']
[0.200s] Level 1:colcon.colcon_core.package_identification:_identify(.) by extension 'cmake'
[0.200s] Level 1:colcon.colcon_core.package_identification:_identify(.) by extension 'python'
[0.200s] Level 1:colcon.colcon_core.package_identification:_identify(.) by extensions ['python_setup_py']
[0.200s] Level 1:colcon.colcon_core.package_identification:_identify(.) by extension 'python_setup_py'
[0.201s] Level 1:colcon.colcon_core.package_identification:_identify(build) by extensions ['ignore', 'ignore_ament_install']
[0.202s] Level 1:colcon.colcon_core.package_identification:_identify(build) by extension 'ignore'
[0.203s] Level 1:colcon.colcon_core.package_identification:_identify(build) ignored
[0.203s] Level 1:colcon.colcon_core.package_identification:_identify(figs) by extensions ['ignore', 'ignore_ament_install']
[0.204s] Level 1:colcon.colcon_core.package_identification:_identify(figs) by extension 'ignore'
[0.204s] Level 1:colcon.colcon_core.package_identification:_identify(figs) by extension 'ignore_ament_install'
[0.205s] Level 1:colcon.colcon_core.package_identification:_identify(figs) by extensions ['colcon_pkg']
[0.205s] Level 1:colcon.colcon_core.package_identification:_identify(figs) by extension 'colcon_pkg'
[0.205s] Level 1:colcon.colcon_core.package_identification:_identify(figs) by extensions ['colcon_meta']
[0.205s] Level 1:colcon.colcon_core.package_identification:_identify(figs) by extension 'colcon_meta'
[0.206s] Level 1:colcon.colcon_core.package_identification:_identify(figs) by extensions ['ros']
[0.207s] Level 1:colcon.colcon_core.package_identification:_identify(figs) by extension 'ros'
[0.207s] Level 1:colcon.colcon_core.package_identification:_identify(figs) by extensions ['cmake', 'python']
[0.207s] Level 1:colcon.colcon_core.package_identification:_identify(figs) by extension 'cmake'
[0.207s] Level 1:colcon.colcon_core.package_identification:_identify(figs) by extension 'python'
[0.208s] Level 1:colcon.colcon_core.package_identification:_identify(figs) by extensions ['python_setup_py']
[0.209s] Level 1:colcon.colcon_core.package_identification:_identify(figs) by extension 'python_setup_py'
[0.209s] Level 1:colcon.colcon_core.package_identification:_identify(install) by extensions ['ignore', 'ignore_ament_install']
[0.209s] Level 1:colcon.colcon_core.package_identification:_identify(install) by extension 'ignore'
[0.210s] Level 1:colcon.colcon_core.package_identification:_identify(install) ignored
[0.211s] Level 1:colcon.colcon_core.package_identification:_identify(log) by extensions ['ignore', 'ignore_ament_install']
[0.211s] Level 1:colcon.colcon_core.package_identification:_identify(log) by extension 'ignore'
[0.211s] Level 1:colcon.colcon_core.package_identification:_identify(log) ignored
[0.212s] Level 1:colcon.colcon_core.package_identification:_identify(ros_gz_app) by extensions ['ignore', 'ignore_ament_install']
[0.213s] Level 1:colcon.colcon_core.package_identification:_identify(ros_gz_app) by extension 'ignore'
[0.213s] Level 1:colcon.colcon_core.package_identification:_identify(ros_gz_app) by extension 'ignore_ament_install'
[0.214s] Level 1:colcon.colcon_core.package_identification:_identify(ros_gz_app) by extensions ['colcon_pkg']
[0.215s] Level 1:colcon.colcon_core.package_identification:_identify(ros_gz_app) by extension 'colcon_pkg'
[0.215s] Level 1:colcon.colcon_core.package_identification:_identify(ros_gz_app) by extensions ['colcon_meta']
[0.215s] Level 1:colcon.colcon_core.package_identification:_identify(ros_gz_app) by extension 'colcon_meta'
[0.215s] Level 1:colcon.colcon_core.package_identification:_identify(ros_gz_app) by extensions ['ros']
[0.216s] Level 1:colcon.colcon_core.package_identification:_identify(ros_gz_app) by extension 'ros'
[0.218s] DEBUG:colcon.colcon_core.package_identification:Package 'ros_gz_app' with type 'ros.ament_cmake' and name 'ros_gz_app'
[0.218s] Level 1:colcon.colcon_core.package_identification:_identify(ros_gz_bringup) by extensions ['ignore', 'ignore_ament_install']
[0.219s] Level 1:colcon.colcon_core.package_identification:_identify(ros_gz_bringup) by extension 'ignore'
[0.220s] Level 1:colcon.colcon_core.package_identification:_identify(ros_gz_bringup) by extension 'ignore_ament_install'
[0.220s] Level 1:colcon.colcon_core.package_identification:_identify(ros_gz_bringup) by extensions ['colcon_pkg']
[0.221s] Level 1:colcon.colcon_core.package_identification:_identify(ros_gz_bringup) by extension 'colcon_pkg'
[0.221s] Level 1:colcon.colcon_core.package_identification:_identify(ros_gz_bringup) by extensions ['colcon_meta']
[0.221s] Level 1:colcon.colcon_core.package_identification:_identify(ros_gz_bringup) by extension 'colcon_meta'
[0.221s] Level 1:colcon.colcon_core.package_identification:_identify(ros_gz_bringup) by extensions ['ros']
[0.222s] Level 1:colcon.colcon_core.package_identification:_identify(ros_gz_bringup) by extension 'ros'
[0.222s] DEBUG:colcon.colcon_core.package_identification:Package 'ros_gz_bringup' with type 'ros.ament_cmake' and name 'ros_gz_bringup'
[0.223s] Level 1:colcon.colcon_core.package_identification:_identify(ros_gz_description) by extensions ['ignore', 'ignore_ament_install']
[0.224s] Level 1:colcon.colcon_core.package_identification:_identify(ros_gz_description) by extension 'ignore'
[0.225s] Level 1:colcon.colcon_core.package_identification:_identify(ros_gz_description) by extension 'ignore_ament_install'
[0.226s] Level 1:colcon.colcon_core.package_identification:_identify(ros_gz_description) by extensions ['colcon_pkg']
[0.227s] Level 1:colcon.colcon_core.package_identification:_identify(ros_gz_description) by extension 'colcon_pkg'
[0.227s] Level 1:colcon.colcon_core.package_identification:_identify(ros_gz_description) by extensions ['colcon_meta']
[0.228s] Level 1:colcon.colcon_core.package_identification:_identify(ros_gz_description) by extension 'colcon_meta'
[0.228s] Level 1:colcon.colcon_core.package_identification:_identify(ros_gz_description) by extensions ['ros']
[0.228s] Level 1:colcon.colcon_core.package_identification:_identify(ros_gz_description) by extension 'ros'
[0.229s] DEBUG:colcon.colcon_core.package_identification:Package 'ros_gz_description' with type 'ros.ament_cmake' and name 'ros_gz_description'
[0.229s] Level 1:colcon.colcon_core.package_identification:_identify(ros_gz_gazebo) by extensions ['ignore', 'ignore_ament_install']
[0.229s] Level 1:colcon.colcon_core.package_identification:_identify(ros_gz_gazebo) by extension 'ignore'
[0.230s] Level 1:colcon.colcon_core.package_identification:_identify(ros_gz_gazebo) by extension 'ignore_ament_install'
[0.231s] Level 1:colcon.colcon_core.package_identification:_identify(ros_gz_gazebo) by extensions ['colcon_pkg']
[0.231s] Level 1:colcon.colcon_core.package_identification:_identify(ros_gz_gazebo) by extension 'colcon_pkg'
[0.231s] Level 1:colcon.colcon_core.package_identification:_identify(ros_gz_gazebo) by extensions ['colcon_meta']
[0.232s] Level 1:colcon.colcon_core.package_identification:_identify(ros_gz_gazebo) by extension 'colcon_meta'
[0.232s] Level 1:colcon.colcon_core.package_identification:_identify(ros_gz_gazebo) by extensions ['ros']
[0.232s] Level 1:colcon.colcon_core.package_identification:_identify(ros_gz_gazebo) by extension 'ros'
[0.233s] DEBUG:colcon.colcon_core.package_identification:Package 'ros_gz_gazebo' with type 'ros.ament_cmake' and name 'ros_gz_gazebo'
[0.233s] Level 1:colcon.colcon_core.package_identification:_identify(src) by extensions ['ignore', 'ignore_ament_install']
[0.234s] Level 1:colcon.colcon_core.package_identification:_identify(src) by extension 'ignore'
[0.234s] Level 1:colcon.colcon_core.package_identification:_identify(src) by extension 'ignore_ament_install'
[0.235s] Level 1:colcon.colcon_core.package_identification:_identify(src) by extensions ['colcon_pkg']
[0.235s] Level 1:colcon.colcon_core.package_identification:_identify(src) by extension 'colcon_pkg'
[0.235s] Level 1:colcon.colcon_core.package_identification:_identify(src) by extensions ['colcon_meta']
[0.236s] Level 1:colcon.colcon_core.package_identification:_identify(src) by extension 'colcon_meta'
[0.236s] Level 1:colcon.colcon_core.package_identification:_identify(src) by extensions ['ros']
[0.236s] Level 1:colcon.colcon_core.package_identification:_identify(src) by extension 'ros'
[0.237s] Level 1:colcon.colcon_core.package_identification:_identify(src) by extensions ['cmake', 'python']
[0.237s] Level 1:colcon.colcon_core.package_identification:_identify(src) by extension 'cmake'
[0.237s] Level 1:colcon.colcon_core.package_identification:_identify(src) by extension 'python'
[0.238s] Level 1:colcon.colcon_core.package_identification:_identify(src) by extensions ['python_setup_py']
[0.238s] Level 1:colcon.colcon_core.package_identification:_identify(src) by extension 'python_setup_py'
[0.239s] Level 1:colcon.colcon_core.package_identification:_identify(src/py_pubsub) by extensions ['ignore', 'ignore_ament_install']
[0.239s] Level 1:colcon.colcon_core.package_identification:_identify(src/py_pubsub) by extension 'ignore'
[0.240s] Level 1:colcon.colcon_core.package_identification:_identify(src/py_pubsub) by extension 'ignore_ament_install'
[0.241s] Level 1:colcon.colcon_core.package_identification:_identify(src/py_pubsub) by extensions ['colcon_pkg']
[0.241s] Level 1:colcon.colcon_core.package_identification:_identify(src/py_pubsub) by extension 'colcon_pkg'
[0.241s] Level 1:colcon.colcon_core.package_identification:_identify(src/py_pubsub) by extensions ['colcon_meta']
[0.241s] Level 1:colcon.colcon_core.package_identification:_identify(src/py_pubsub) by extension 'colcon_meta'
[0.241s] Level 1:colcon.colcon_core.package_identification:_identify(src/py_pubsub) by extensions ['ros']
[0.242s] Level 1:colcon.colcon_core.package_identification:_identify(src/py_pubsub) by extension 'ros'
[0.243s] Level 1:colcon.colcon_core.package_identification:_identify(src/py_pubsub) by extensions ['cmake', 'python']
[0.243s] Level 1:colcon.colcon_core.package_identification:_identify(src/py_pubsub) by extension 'cmake'
[0.243s] Level 1:colcon.colcon_core.package_identification:_identify(src/py_pubsub) by extension 'python'
[0.244s] Level 1:colcon.colcon_core.package_identification:_identify(src/py_pubsub) by extensions ['python_setup_py']
[0.244s] Level 1:colcon.colcon_core.package_identification:_identify(src/py_pubsub) by extension 'python_setup_py'
[0.245s] Level 1:colcon.colcon_core.package_identification:_identify(src/py_pubsub/py_pubsub) by extensions ['ignore', 'ignore_ament_install']
[0.245s] Level 1:colcon.colcon_core.package_identification:_identify(src/py_pubsub/py_pubsub) by extension 'ignore'
[0.246s] Level 1:colcon.colcon_core.package_identification:_identify(src/py_pubsub/py_pubsub) by extension 'ignore_ament_install'
[0.247s] Level 1:colcon.colcon_core.package_identification:_identify(src/py_pubsub/py_pubsub) by extensions ['colcon_pkg']
[0.247s] Level 1:colcon.colcon_core.package_identification:_identify(src/py_pubsub/py_pubsub) by extension 'colcon_pkg'
[0.247s] Level 1:colcon.colcon_core.package_identification:_identify(src/py_pubsub/py_pubsub) by extensions ['colcon_meta']
[0.247s] Level 1:colcon.colcon_core.package_identification:_identify(src/py_pubsub/py_pubsub) by extension 'colcon_meta'
[0.247s] Level 1:colcon.colcon_core.package_identification:_identify(src/py_pubsub/py_pubsub) by extensions ['ros']
[0.248s] Level 1:colcon.colcon_core.package_identification:_identify(src/py_pubsub/py_pubsub) by extension 'ros'
[0.249s] DEBUG:colcon.colcon_core.package_identification:Package 'src/py_pubsub/py_pubsub' with type 'ros.ament_python' and name 'py_pubsub'
[0.249s] Level 1:colcon.colcon_core.package_discovery:discover_packages(recursive) using defaults
[0.250s] Level 1:colcon.colcon_core.package_discovery:discover_packages(ignore) discover
[0.250s] Level 1:colcon.colcon_core.package_discovery:discover_packages(ignore) using defaults
[0.251s] Level 1:colcon.colcon_core.package_discovery:discover_packages(path) discover
[0.251s] Level 1:colcon.colcon_core.package_discovery:discover_packages(path) using defaults
[0.299s] Level 1:colcon.colcon_core.package_discovery:discover_packages(prefix_path) check parameters
[0.299s] Level 1:colcon.colcon_core.package_discovery:discover_packages(prefix_path) discover
[0.303s] DEBUG:colcon.colcon_installed_package_information.package_discovery:Found 317 installed packages in /opt/ros/jazzy
[0.304s] Level 1:colcon.colcon_core.package_discovery:discover_packages(prefix_path) using defaults
[0.326s] Level 5:colcon.colcon_core.verb:set package 'py_pubsub' build argument 'cmake_args' from command line to '['-DBUILD_TESTING=ON']'
[0.326s] Level 5:colcon.colcon_core.verb:set package 'py_pubsub' build argument 'cmake_target' from command line to 'None'
[0.326s] Level 5:colcon.colcon_core.verb:set package 'py_pubsub' build argument 'cmake_target_skip_unavailable' from command line to 'False'
[0.326s] Level 5:colcon.colcon_core.verb:set package 'py_pubsub' build argument 'cmake_clean_cache' from command line to 'False'
[0.326s] Level 5:colcon.colcon_core.verb:set package 'py_pubsub' build argument 'cmake_clean_first' from command line to 'False'
[0.326s] Level 5:colcon.colcon_core.verb:set package 'py_pubsub' build argument 'cmake_force_configure' from command line to 'False'
[0.326s] Level 5:colcon.colcon_core.verb:set package 'py_pubsub' build argument 'ament_cmake_args' from command line to 'None'
[0.327s] Level 5:colcon.colcon_core.verb:set package 'py_pubsub' build argument 'catkin_cmake_args' from command line to 'None'
[0.327s] Level 5:colcon.colcon_core.verb:set package 'py_pubsub' build argument 'catkin_skip_building_tests' from command line to 'False'
[0.327s] DEBUG:colcon.colcon_core.verb:Building package 'py_pubsub' with the following arguments: {'ament_cmake_args': None, 'build_base': '/home/atwalm/cs_classes/robotics/ros-lab-2/build/py_pubsub', 'catkin_cmake_args': None, 'catkin_skip_building_tests': False, 'cmake_args': ['-DBUILD_TESTING=ON'], 'cmake_clean_cache': False, 'cmake_clean_first': False, 'cmake_force_configure': False, 'cmake_target': None, 'cmake_target_skip_unavailable': False, 'install_base': '/home/atwalm/cs_classes/robotics/ros-lab-2/install/py_pubsub', 'merge_install': False, 'path': '/home/atwalm/cs_classes/robotics/ros-lab-2/src/py_pubsub/py_pubsub', 'symlink_install': False, 'test_result_base': None}
[0.327s] Level 5:colcon.colcon_core.verb:set package 'ros_gz_app' build argument 'cmake_args' from command line to '['-DBUILD_TESTING=ON']'
[0.328s] Level 5:colcon.colcon_core.verb:set package 'ros_gz_app' build argument 'cmake_target' from command line to 'None'
[0.328s] Level 5:colcon.colcon_core.verb:set package 'ros_gz_app' build argument 'cmake_target_skip_unavailable' from command line to 'False'
[0.328s] Level 5:colcon.colcon_core.verb:set package 'ros_gz_app' build argument 'cmake_clean_cache' from command line to 'False'
[0.328s] Level 5:colcon.colcon_core.verb:set package 'ros_gz_app' build argument 'cmake_clean_first' from command line to 'False'
[0.329s] Level 5:colcon.colcon_core.verb:set package 'ros_gz_app' build argument 'cmake_force_configure' from command line to 'False'
[0.329s] Level 5:colcon.colcon_core.verb:set package 'ros_gz_app' build argument 'ament_cmake_args' from command line to 'None'
[0.330s] Level 5:colcon.colcon_core.verb:set package 'ros_gz_app' build argument 'catkin_cmake_args' from command line to 'None'
[0.330s] Level 5:colcon.colcon_core.verb:set package 'ros_gz_app' build argument 'catkin_skip_building_tests' from command line to 'False'
[0.330s] DEBUG:colcon.colcon_core.verb:Building package 'ros_gz_app' with the following arguments: {'ament_cmake_args': None, 'build_base': '/home/atwalm/cs_classes/robotics/ros-lab-2/build/ros_gz_app', 'catkin_cmake_args': None, 'catkin_skip_building_tests': False, 'cmake_args': ['-DBUILD_TESTING=ON'], 'cmake_clean_cache': False, 'cmake_clean_first': False, 'cmake_force_configure': False, 'cmake_target': None, 'cmake_target_skip_unavailable': False, 'install_base': '/home/atwalm/cs_classes/robotics/ros-lab-2/install/ros_gz_app', 'merge_install': False, 'path': '/home/atwalm/cs_classes/robotics/ros-lab-2/ros_gz_app', 'symlink_install': False, 'test_result_base': None}
[0.330s] Level 5:colcon.colcon_core.verb:set package 'ros_gz_description' build argument 'cmake_args' from command line to '['-DBUILD_TESTING=ON']'
[0.331s] Level 5:colcon.colcon_core.verb:set package 'ros_gz_description' build argument 'cmake_target' from command line to 'None'
[0.331s] Level 5:colcon.colcon_core.verb:set package 'ros_gz_description' build argument 'cmake_target_skip_unavailable' from command line to 'False'
[0.331s] Level 5:colcon.colcon_core.verb:set package 'ros_gz_description' build argument 'cmake_clean_cache' from command line to 'False'
[0.331s] Level 5:colcon.colcon_core.verb:set package 'ros_gz_description' build argument 'cmake_clean_first' from command line to 'False'
[0.332s] Level 5:colcon.colcon_core.verb:set package 'ros_gz_description' build argument 'cmake_force_configure' from command line to 'False'
[0.332s] Level 5:colcon.colcon_core.verb:set package 'ros_gz_description' build argument 'ament_cmake_args' from command line to 'None'
[0.332s] Level 5:colcon.colcon_core.verb:set package 'ros_gz_description' build argument 'catkin_cmake_args' from command line to 'None'
[0.332s] Level 5:colcon.colcon_core.verb:set package 'ros_gz_description' build argument 'catkin_skip_building_tests' from command line to 'False'
[0.332s] DEBUG:colcon.colcon_core.verb:Building package 'ros_gz_description' with the following arguments: {'ament_cmake_args': None, 'build_base': '/home/atwalm/cs_classes/robotics/ros-lab-2/build/ros_gz_description', 'catkin_cmake_args': None, 'catkin_skip_building_tests': False, 'cmake_args': ['-DBUILD_TESTING=ON'], 'cmake_clean_cache': False, 'cmake_clean_first': False, 'cmake_force_configure': False, 'cmake_target': None, 'cmake_target_skip_unavailable': False, 'install_base': '/home/atwalm/cs_classes/robotics/ros-lab-2/install/ros_gz_description', 'merge_install': False, 'path': '/home/atwalm/cs_classes/robotics/ros-lab-2/ros_gz_description', 'symlink_install': False, 'test_result_base': None}
[0.333s] Level 5:colcon.colcon_core.verb:set package 'ros_gz_gazebo' build argument 'cmake_args' from command line to '['-DBUILD_TESTING=ON']'
[0.334s] Level 5:colcon.colcon_core.verb:set package 'ros_gz_gazebo' build argument 'cmake_target' from command line to 'None'
[0.334s] Level 5:colcon.colcon_core.verb:set package 'ros_gz_gazebo' build argument 'cmake_target_skip_unavailable' from command line to 'False'
[0.334s] Level 5:colcon.colcon_core.verb:set package 'ros_gz_gazebo' build argument 'cmake_clean_cache' from command line to 'False'
[0.334s] Level 5:colcon.colcon_core.verb:set package 'ros_gz_gazebo' build argument 'cmake_clean_first' from command line to 'False'
[0.334s] Level 5:colcon.colcon_core.verb:set package 'ros_gz_gazebo' build argument 'cmake_force_configure' from command line to 'False'
[0.334s] Level 5:colcon.colcon_core.verb:set package 'ros_gz_gazebo' build argument 'ament_cmake_args' from command line to 'None'
[0.334s] Level 5:colcon.colcon_core.verb:set package 'ros_gz_gazebo' build argument 'catkin_cmake_args' from command line to 'None'
[0.334s] Level 5:colcon.colcon_core.verb:set package 'ros_gz_gazebo' build argument 'catkin_skip_building_tests' from command line to 'False'
[0.334s] DEBUG:colcon.colcon_core.verb:Building package 'ros_gz_gazebo' with the following arguments: {'ament_cmake_args': None, 'build_base': '/home/atwalm/cs_classes/robotics/ros-lab-2/build/ros_gz_gazebo', 'catkin_cmake_args': None, 'catkin_skip_building_tests': False, 'cmake_args': ['-DBUILD_TESTING=ON'], 'cmake_clean_cache': False, 'cmake_clean_first': False, 'cmake_force_configure': False, 'cmake_target': None, 'cmake_target_skip_unavailable': False, 'install_base': '/home/atwalm/cs_classes/robotics/ros-lab-2/install/ros_gz_gazebo', 'merge_install': False, 'path': '/home/atwalm/cs_classes/robotics/ros-lab-2/ros_gz_gazebo', 'symlink_install': False, 'test_result_base': None}
[0.334s] Level 5:colcon.colcon_core.verb:set package 'ros_gz_bringup' build argument 'cmake_args' from command line to '['-DBUILD_TESTING=ON']'
[0.335s] Level 5:colcon.colcon_core.verb:set package 'ros_gz_bringup' build argument 'cmake_target' from command line to 'None'
[0.335s] Level 5:colcon.colcon_core.verb:set package 'ros_gz_bringup' build argument 'cmake_target_skip_unavailable' from command line to 'False'
[0.335s] Level 5:colcon.colcon_core.verb:set package 'ros_gz_bringup' build argument 'cmake_clean_cache' from command line to 'False'
[0.335s] Level 5:colcon.colcon_core.verb:set package 'ros_gz_bringup' build argument 'cmake_clean_first' from command line to 'False'
[0.336s] Level 5:colcon.colcon_core.verb:set package 'ros_gz_bringup' build argument 'cmake_force_configure' from command line to 'False'
[0.336s] Level 5:colcon.colcon_core.verb:set package 'ros_gz_bringup' build argument 'ament_cmake_args' from command line to 'None'
[0.336s] Level 5:colcon.colcon_core.verb:set package 'ros_gz_bringup' build argument 'catkin_cmake_args' from command line to 'None'
[0.337s] Level 5:colcon.colcon_core.verb:set package 'ros_gz_bringup' build argument 'catkin_skip_building_tests' from command line to 'False'
[0.337s] DEBUG:colcon.colcon_core.verb:Building package 'ros_gz_bringup' with the following arguments: {'ament_cmake_args': None, 'build_base': '/home/atwalm/cs_classes/robotics/ros-lab-2/build/ros_gz_bringup', 'catkin_cmake_args': None, 'catkin_skip_building_tests': False, 'cmake_args': ['-DBUILD_TESTING=ON'], 'cmake_clean_cache': False, 'cmake_clean_first': False, 'cmake_force_configure': False, 'cmake_target': None, 'cmake_target_skip_unavailable': False, 'install_base': '/home/atwalm/cs_classes/robotics/ros-lab-2/install/ros_gz_bringup', 'merge_install': False, 'path': '/home/atwalm/cs_classes/robotics/ros-lab-2/ros_gz_bringup', 'symlink_install': False, 'test_result_base': None}
[0.337s] INFO:colcon.colcon_core.executor:Executing jobs using 'parallel' executor
[0.339s] DEBUG:colcon.colcon_parallel_executor.executor.parallel:run_until_complete
[0.340s] INFO:colcon.colcon_ros.task.ament_cmake.build:Building ROS package in '/home/atwalm/cs_classes/robotics/ros-lab-2/ros_gz_description' with build type 'ament_cmake'
[0.340s] INFO:colcon.colcon_cmake.task.cmake.build:Building CMake package in '/home/atwalm/cs_classes/robotics/ros-lab-2/ros_gz_description'
[0.342s] INFO:colcon.colcon_core.plugin_system:Skipping extension 'colcon_core.shell.bat': Not used on non-Windows systems
[0.343s] INFO:colcon.colcon_core.shell:Skip shell extension 'powershell' for command environment: Not usable outside of PowerShell
[0.343s] DEBUG:colcon.colcon_core.shell:Skip shell extension 'dsv' for command environment
[0.349s] INFO:colcon.colcon_ros.task.ament_python.build:Building ROS package in '/home/atwalm/cs_classes/robotics/ros-lab-2/src/py_pubsub/py_pubsub' with build type 'ament_python'
[0.349s] Level 1:colcon.colcon_core.shell:create_environment_hook('py_pubsub', 'ament_prefix_path')
[0.350s] INFO:colcon.colcon_core.shell:Creating environment hook '/home/atwalm/cs_classes/robotics/ros-lab-2/install/py_pubsub/share/py_pubsub/hook/ament_prefix_path.ps1'
[0.353s] INFO:colcon.colcon_core.shell:Creating environment descriptor '/home/atwalm/cs_classes/robotics/ros-lab-2/install/py_pubsub/share/py_pubsub/hook/ament_prefix_path.dsv'
[0.355s] INFO:colcon.colcon_core.shell:Creating environment hook '/home/atwalm/cs_classes/robotics/ros-lab-2/install/py_pubsub/share/py_pubsub/hook/ament_prefix_path.sh'
[0.358s] INFO:colcon.colcon_core.shell:Skip shell extension 'powershell' for command environment: Not usable outside of PowerShell
[0.358s] DEBUG:colcon.colcon_core.shell:Skip shell extension 'dsv' for command environment
[0.362s] INFO:colcon.colcon_ros.task.ament_cmake.build:Building ROS package in '/home/atwalm/cs_classes/robotics/ros-lab-2/ros_gz_app' with build type 'ament_cmake'
[0.362s] INFO:colcon.colcon_cmake.task.cmake.build:Building CMake package in '/home/atwalm/cs_classes/robotics/ros-lab-2/ros_gz_app'
[0.363s] INFO:colcon.colcon_core.shell:Skip shell extension 'powershell' for command environment: Not usable outside of PowerShell
[0.363s] DEBUG:colcon.colcon_core.shell:Skip shell extension 'dsv' for command environment
[0.382s] DEBUG:colcon.colcon_core.event_handler.log_command:Invoking command in '/home/atwalm/cs_classes/robotics/ros-lab-2/build/ros_gz_description': CMAKE_PREFIX_PATH=${CMAKE_PREFIX_PATH}:/opt/ros/jazzy PS1=<ROS2-Jazzy>[\u@\h \W]$ /usr/bin/cmake --build /home/atwalm/cs_classes/robotics/ros-lab-2/build/ros_gz_description -- -j28 -l28
[0.518s] INFO:colcon.colcon_core.task.python.build:Building Python package in '/home/atwalm/cs_classes/robotics/ros-lab-2/src/py_pubsub/py_pubsub'
[0.518s] INFO:colcon.colcon_core.shell:Skip shell extension 'powershell' for command environment: Not usable outside of PowerShell
[0.519s] DEBUG:colcon.colcon_core.shell:Skip shell extension 'dsv' for command environment
[0.534s] DEBUG:colcon.colcon_core.event_handler.log_command:Invoking command in '/home/atwalm/cs_classes/robotics/ros-lab-2/build/ros_gz_app': CMAKE_PREFIX_PATH=${CMAKE_PREFIX_PATH}:/opt/ros/jazzy PS1=<ROS2-Jazzy>[\u@\h \W]$ /usr/bin/cmake --build /home/atwalm/cs_classes/robotics/ros-lab-2/build/ros_gz_app -- -j28 -l28
[0.563s] DEBUG:colcon.colcon_core.event_handler.log_command:Invoked command in '/home/atwalm/cs_classes/robotics/ros-lab-2/build/ros_gz_description' returned '0': CMAKE_PREFIX_PATH=${CMAKE_PREFIX_PATH}:/opt/ros/jazzy PS1=<ROS2-Jazzy>[\u@\h \W]$ /usr/bin/cmake --build /home/atwalm/cs_classes/robotics/ros-lab-2/build/ros_gz_description -- -j28 -l28
[0.572s] DEBUG:colcon.colcon_core.event_handler.log_command:Invoking command in '/home/atwalm/cs_classes/robotics/ros-lab-2/build/ros_gz_description': CMAKE_PREFIX_PATH=${CMAKE_PREFIX_PATH}:/opt/ros/jazzy PS1=<ROS2-Jazzy>[\u@\h \W]$ /usr/bin/cmake --install /home/atwalm/cs_classes/robotics/ros-lab-2/build/ros_gz_description
[0.575s] DEBUG:colcon.colcon_core.event_handler.log_command:Invoked command in '/home/atwalm/cs_classes/robotics/ros-lab-2/build/ros_gz_app' returned '0': CMAKE_PREFIX_PATH=${CMAKE_PREFIX_PATH}:/opt/ros/jazzy PS1=<ROS2-Jazzy>[\u@\h \W]$ /usr/bin/cmake --build /home/atwalm/cs_classes/robotics/ros-lab-2/build/ros_gz_app -- -j28 -l28
[0.577s] DEBUG:colcon.colcon_core.event_handler.log_command:Invoking command in '/home/atwalm/cs_classes/robotics/ros-lab-2/build/ros_gz_app': CMAKE_PREFIX_PATH=${CMAKE_PREFIX_PATH}:/opt/ros/jazzy PS1=<ROS2-Jazzy>[\u@\h \W]$ /usr/bin/cmake --install /home/atwalm/cs_classes/robotics/ros-lab-2/build/ros_gz_app
[0.693s] Level 1:colcon.colcon_core.environment:create_environment_scripts_only(ros_gz_app)
[0.694s] DEBUG:colcon.colcon_core.event_handler.log_command:Invoked command in '/home/atwalm/cs_classes/robotics/ros-lab-2/build/ros_gz_app' returned '0': CMAKE_PREFIX_PATH=${CMAKE_PREFIX_PATH}:/opt/ros/jazzy PS1=<ROS2-Jazzy>[\u@\h \W]$ /usr/bin/cmake --install /home/atwalm/cs_classes/robotics/ros-lab-2/build/ros_gz_app
[0.697s] Level 1:colcon.colcon_core.environment:checking '/home/atwalm/cs_classes/robotics/ros-lab-2/install/ros_gz_app' for CMake module files
[0.700s] Level 1:colcon.colcon_core.environment:checking '/home/atwalm/cs_classes/robotics/ros-lab-2/install/ros_gz_app' for CMake config files
[0.704s] Level 1:colcon.colcon_core.shell:create_environment_hook('ros_gz_app', 'cmake_prefix_path')
[0.704s] INFO:colcon.colcon_core.shell:Creating environment hook '/home/atwalm/cs_classes/robotics/ros-lab-2/install/ros_gz_app/share/ros_gz_app/hook/cmake_prefix_path.ps1'
[0.707s] INFO:colcon.colcon_core.shell:Creating environment descriptor '/home/atwalm/cs_classes/robotics/ros-lab-2/install/ros_gz_app/share/ros_gz_app/hook/cmake_prefix_path.dsv'
[0.710s] INFO:colcon.colcon_core.shell:Creating environment hook '/home/atwalm/cs_classes/robotics/ros-lab-2/install/ros_gz_app/share/ros_gz_app/hook/cmake_prefix_path.sh'
[0.712s] Level 1:colcon.colcon_core.environment:checking '/home/atwalm/cs_classes/robotics/ros-lab-2/install/ros_gz_app/bin'
[0.712s] Level 1:colcon.colcon_core.environment:checking '/home/atwalm/cs_classes/robotics/ros-lab-2/install/ros_gz_app/lib/pkgconfig/ros_gz_app.pc'
[0.712s] Level 1:colcon.colcon_core.environment:checking '/home/atwalm/cs_classes/robotics/ros-lab-2/install/ros_gz_app/lib/python3.12/site-packages'
[0.712s] Level 1:colcon.colcon_core.environment:checking '/home/atwalm/cs_classes/robotics/ros-lab-2/install/ros_gz_app/bin'
[0.712s] INFO:colcon.colcon_core.shell:Creating package script '/home/atwalm/cs_classes/robotics/ros-lab-2/install/ros_gz_app/share/ros_gz_app/package.ps1'
[0.715s] INFO:colcon.colcon_core.shell:Creating package descriptor '/home/atwalm/cs_classes/robotics/ros-lab-2/install/ros_gz_app/share/ros_gz_app/package.dsv'
[0.717s] INFO:colcon.colcon_core.shell:Creating package script '/home/atwalm/cs_classes/robotics/ros-lab-2/install/ros_gz_app/share/ros_gz_app/package.sh'
[0.720s] INFO:colcon.colcon_core.shell:Creating package script '/home/atwalm/cs_classes/robotics/ros-lab-2/install/ros_gz_app/share/ros_gz_app/package.bash'
[0.722s] INFO:colcon.colcon_core.shell:Creating package script '/home/atwalm/cs_classes/robotics/ros-lab-2/install/ros_gz_app/share/ros_gz_app/package.zsh'
[0.724s] Level 1:colcon.colcon_core.environment:create_file_with_runtime_dependencies(/home/atwalm/cs_classes/robotics/ros-lab-2/install/ros_gz_app/share/colcon-core/packages/ros_gz_app)
[0.729s] Level 1:colcon.colcon_core.environment:create_environment_scripts_only(ros_gz_app)
[0.729s] Level 1:colcon.colcon_core.environment:checking '/home/atwalm/cs_classes/robotics/ros-lab-2/install/ros_gz_app' for CMake module files
[0.731s] Level 1:colcon.colcon_core.environment:checking '/home/atwalm/cs_classes/robotics/ros-lab-2/install/ros_gz_app' for CMake config files
[0.735s] Level 1:colcon.colcon_core.shell:create_environment_hook('ros_gz_app', 'cmake_prefix_path')
[0.735s] INFO:colcon.colcon_core.shell:Creating environment hook '/home/atwalm/cs_classes/robotics/ros-lab-2/install/ros_gz_app/share/ros_gz_app/hook/cmake_prefix_path.ps1'
[0.738s] INFO:colcon.colcon_core.shell:Creating environment descriptor '/home/atwalm/cs_classes/robotics/ros-lab-2/install/ros_gz_app/share/ros_gz_app/hook/cmake_prefix_path.dsv'
[0.739s] INFO:colcon.colcon_core.shell:Creating environment hook '/home/atwalm/cs_classes/robotics/ros-lab-2/install/ros_gz_app/share/ros_gz_app/hook/cmake_prefix_path.sh'
[0.741s] Level 1:colcon.colcon_core.environment:checking '/home/atwalm/cs_classes/robotics/ros-lab-2/install/ros_gz_app/bin'
[0.741s] Level 1:colcon.colcon_core.environment:checking '/home/atwalm/cs_classes/robotics/ros-lab-2/install/ros_gz_app/lib/pkgconfig/ros_gz_app.pc'
[0.742s] Level 1:colcon.colcon_core.environment:checking '/home/atwalm/cs_classes/robotics/ros-lab-2/install/ros_gz_app/lib/python3.12/site-packages'
[0.743s] Level 1:colcon.colcon_core.environment:checking '/home/atwalm/cs_classes/robotics/ros-lab-2/install/ros_gz_app/bin'
[0.743s] INFO:colcon.colcon_core.shell:Creating package script '/home/atwalm/cs_classes/robotics/ros-lab-2/install/ros_gz_app/share/ros_gz_app/package.ps1'
[0.746s] INFO:colcon.colcon_core.shell:Creating package descriptor '/home/atwalm/cs_classes/robotics/ros-lab-2/install/ros_gz_app/share/ros_gz_app/package.dsv'
[0.748s] INFO:colcon.colcon_core.shell:Creating package script '/home/atwalm/cs_classes/robotics/ros-lab-2/install/ros_gz_app/share/ros_gz_app/package.sh'
[0.750s] INFO:colcon.colcon_core.shell:Creating package script '/home/atwalm/cs_classes/robotics/ros-lab-2/install/ros_gz_app/share/ros_gz_app/package.bash'
[0.752s] INFO:colcon.colcon_core.shell:Creating package script '/home/atwalm/cs_classes/robotics/ros-lab-2/install/ros_gz_app/share/ros_gz_app/package.zsh'
[0.754s] Level 1:colcon.colcon_core.environment:create_file_with_runtime_dependencies(/home/atwalm/cs_classes/robotics/ros-lab-2/install/ros_gz_app/share/colcon-core/packages/ros_gz_app)
[0.755s] Level 1:colcon.colcon_core.environment:create_environment_scripts_only(ros_gz_description)
[0.755s] Level 1:colcon.colcon_core.environment:checking '/home/atwalm/cs_classes/robotics/ros-lab-2/install/ros_gz_description' for CMake module files
[0.758s] DEBUG:colcon.colcon_core.event_handler.log_command:Invoked command in '/home/atwalm/cs_classes/robotics/ros-lab-2/build/ros_gz_description' returned '0': CMAKE_PREFIX_PATH=${CMAKE_PREFIX_PATH}:/opt/ros/jazzy PS1=<ROS2-Jazzy>[\u@\h \W]$ /usr/bin/cmake --install /home/atwalm/cs_classes/robotics/ros-lab-2/build/ros_gz_description
[0.758s] Level 1:colcon.colcon_core.environment:checking '/home/atwalm/cs_classes/robotics/ros-lab-2/install/ros_gz_description' for CMake config files
[0.759s] Level 1:colcon.colcon_core.shell:create_environment_hook('ros_gz_description', 'cmake_prefix_path')
[0.759s] INFO:colcon.colcon_core.shell:Creating environment hook '/home/atwalm/cs_classes/robotics/ros-lab-2/install/ros_gz_description/share/ros_gz_description/hook/cmake_prefix_path.ps1'
[0.763s] INFO:colcon.colcon_core.shell:Creating environment descriptor '/home/atwalm/cs_classes/robotics/ros-lab-2/install/ros_gz_description/share/ros_gz_description/hook/cmake_prefix_path.dsv'
[0.765s] INFO:colcon.colcon_core.shell:Creating environment hook '/home/atwalm/cs_classes/robotics/ros-lab-2/install/ros_gz_description/share/ros_gz_description/hook/cmake_prefix_path.sh'
[0.767s] Level 1:colcon.colcon_core.environment:checking '/home/atwalm/cs_classes/robotics/ros-lab-2/install/ros_gz_description/bin'
[0.767s] Level 1:colcon.colcon_core.environment:checking '/home/atwalm/cs_classes/robotics/ros-lab-2/install/ros_gz_description/lib/pkgconfig/ros_gz_description.pc'
[0.768s] Level 1:colcon.colcon_core.environment:checking '/home/atwalm/cs_classes/robotics/ros-lab-2/install/ros_gz_description/lib/python3.12/site-packages'
[0.768s] Level 1:colcon.colcon_core.environment:checking '/home/atwalm/cs_classes/robotics/ros-lab-2/install/ros_gz_description/bin'
[0.769s] INFO:colcon.colcon_core.shell:Creating package script '/home/atwalm/cs_classes/robotics/ros-lab-2/install/ros_gz_description/share/ros_gz_description/package.ps1'
[0.771s] INFO:colcon.colcon_core.shell:Creating package descriptor '/home/atwalm/cs_classes/robotics/ros-lab-2/install/ros_gz_description/share/ros_gz_description/package.dsv'
[0.773s] INFO:colcon.colcon_core.shell:Creating package script '/home/atwalm/cs_classes/robotics/ros-lab-2/install/ros_gz_description/share/ros_gz_description/package.sh'
[0.776s] INFO:colcon.colcon_core.shell:Creating package script '/home/atwalm/cs_classes/robotics/ros-lab-2/install/ros_gz_description/share/ros_gz_description/package.bash'
[0.777s] INFO:colcon.colcon_core.shell:Creating package script '/home/atwalm/cs_classes/robotics/ros-lab-2/install/ros_gz_description/share/ros_gz_description/package.zsh'
[0.779s] Level 1:colcon.colcon_core.environment:create_file_with_runtime_dependencies(/home/atwalm/cs_classes/robotics/ros-lab-2/install/ros_gz_description/share/colcon-core/packages/ros_gz_description)
[0.783s] Level 1:colcon.colcon_core.environment:create_environment_scripts_only(ros_gz_description)
[0.783s] Level 1:colcon.colcon_core.environment:checking '/home/atwalm/cs_classes/robotics/ros-lab-2/install/ros_gz_description' for CMake module files
[0.785s] Level 1:colcon.colcon_core.environment:checking '/home/atwalm/cs_classes/robotics/ros-lab-2/install/ros_gz_description' for CMake config files
[0.786s] Level 1:colcon.colcon_core.shell:create_environment_hook('ros_gz_description', 'cmake_prefix_path')
[0.786s] INFO:colcon.colcon_core.shell:Creating environment hook '/home/atwalm/cs_classes/robotics/ros-lab-2/install/ros_gz_description/share/ros_gz_description/hook/cmake_prefix_path.ps1'
[0.789s] INFO:colcon.colcon_core.shell:Creating environment descriptor '/home/atwalm/cs_classes/robotics/ros-lab-2/install/ros_gz_description/share/ros_gz_description/hook/cmake_prefix_path.dsv'
[0.790s] INFO:colcon.colcon_core.shell:Creating environment hook '/home/atwalm/cs_classes/robotics/ros-lab-2/install/ros_gz_description/share/ros_gz_description/hook/cmake_prefix_path.sh'
[0.792s] Level 1:colcon.colcon_core.environment:checking '/home/atwalm/cs_classes/robotics/ros-lab-2/install/ros_gz_description/bin'
[0.792s] Level 1:colcon.colcon_core.environment:checking '/home/atwalm/cs_classes/robotics/ros-lab-2/install/ros_gz_description/lib/pkgconfig/ros_gz_description.pc'
[0.793s] Level 1:colcon.colcon_core.environment:checking '/home/atwalm/cs_classes/robotics/ros-lab-2/install/ros_gz_description/lib/python3.12/site-packages'
[0.794s] Level 1:colcon.colcon_core.environment:checking '/home/atwalm/cs_classes/robotics/ros-lab-2/install/ros_gz_description/bin'
[0.795s] INFO:colcon.colcon_core.shell:Creating package script '/home/atwalm/cs_classes/robotics/ros-lab-2/install/ros_gz_description/share/ros_gz_description/package.ps1'
[0.798s] INFO:colcon.colcon_core.shell:Creating package descriptor '/home/atwalm/cs_classes/robotics/ros-lab-2/install/ros_gz_description/share/ros_gz_description/package.dsv'
[0.799s] INFO:colcon.colcon_core.shell:Creating package script '/home/atwalm/cs_classes/robotics/ros-lab-2/install/ros_gz_description/share/ros_gz_description/package.sh'
[0.801s] INFO:colcon.colcon_core.shell:Creating package script '/home/atwalm/cs_classes/robotics/ros-lab-2/install/ros_gz_description/share/ros_gz_description/package.bash'
[0.803s] INFO:colcon.colcon_core.shell:Creating package script '/home/atwalm/cs_classes/robotics/ros-lab-2/install/ros_gz_description/share/ros_gz_description/package.zsh'
[0.805s] Level 1:colcon.colcon_core.environment:create_file_with_runtime_dependencies(/home/atwalm/cs_classes/robotics/ros-lab-2/install/ros_gz_description/share/colcon-core/packages/ros_gz_description)
[0.805s] INFO:colcon.colcon_ros.task.ament_cmake.build:Building ROS package in '/home/atwalm/cs_classes/robotics/ros-lab-2/ros_gz_gazebo' with build type 'ament_cmake'
[0.805s] INFO:colcon.colcon_cmake.task.cmake.build:Building CMake package in '/home/atwalm/cs_classes/robotics/ros-lab-2/ros_gz_gazebo'
[0.806s] INFO:colcon.colcon_core.shell:Skip shell extension 'powershell' for command environment: Not usable outside of PowerShell
[0.806s] DEBUG:colcon.colcon_core.shell:Skip shell extension 'dsv' for command environment
[0.830s] DEBUG:colcon.colcon_core.event_handler.log_command:Invoking command in '/home/atwalm/cs_classes/robotics/ros-lab-2/build/ros_gz_gazebo': CMAKE_PREFIX_PATH=/home/atwalm/cs_classes/robotics/ros-lab-2/install/ros_gz_description:/opt/ros/jazzy/opt/gz_sim_vendor:/opt/ros/jazzy/opt/gz_sensors_vendor:/opt/ros/jazzy/opt/gz_physics_vendor:/opt/ros/jazzy/opt/sdformat_vendor:/opt/ros/jazzy/opt/gz_gui_vendor:/opt/ros/jazzy/opt/gz_transport_vendor:/opt/ros/jazzy/opt/gz_rendering_vendor:/opt/ros/jazzy/opt/gz_plugin_vendor:/opt/ros/jazzy/opt/gz_fuel_tools_vendor:/opt/ros/jazzy/opt/gz_msgs_vendor:/opt/ros/jazzy/opt/gz_common_vendor:/opt/ros/jazzy/opt/gz_math_vendor:/opt/ros/jazzy/opt/gz_utils_vendor:/opt/ros/jazzy/opt/gz_tools_vendor:/opt/ros/jazzy/opt/gz_ogre_next_vendor:/opt/ros/jazzy/opt/gz_dartsim_vendor:/opt/ros/jazzy/opt/gz_cmake_vendor:/opt/ros/jazzy PS1=<ROS2-Jazzy>[\u@\h \W]$ /usr/bin/cmake /home/atwalm/cs_classes/robotics/ros-lab-2/ros_gz_gazebo -DBUILD_TESTING=ON -DCMAKE_INSTALL_PREFIX=/home/atwalm/cs_classes/robotics/ros-lab-2/install/ros_gz_gazebo
[0.884s] DEBUG:colcon.colcon_core.event_handler.log_command:Invoking command in '/home/atwalm/cs_classes/robotics/ros-lab-2/src/py_pubsub/py_pubsub': PS1=<ROS2-Jazzy>[\u@\h \W]$ PYTHONPATH=/home/atwalm/cs_classes/robotics/ros-lab-2/build/py_pubsub/prefix_override:/usr/lib/python3/dist-packages/colcon_core/task/python/colcon_distutils_commands:/home/atwalm/cs_classes/robotics/ros-lab-2/install/py_pubsub/lib/python3.12/site-packages:${PYTHONPATH} /usr/bin/python3 -W ignore:setup.py install is deprecated -W ignore:easy_install command is deprecated setup.py egg_info --egg-base ../../../build/py_pubsub build --build-base /home/atwalm/cs_classes/robotics/ros-lab-2/build/py_pubsub/build install --record /home/atwalm/cs_classes/robotics/ros-lab-2/build/py_pubsub/install.log --single-version-externally-managed install_data
[1.057s] DEBUG:colcon.colcon_core.event_handler.log_command:Invoked command in '/home/atwalm/cs_classes/robotics/ros-lab-2/src/py_pubsub/py_pubsub' returned '1': PS1=<ROS2-Jazzy>[\u@\h \W]$ PYTHONPATH=/home/atwalm/cs_classes/robotics/ros-lab-2/build/py_pubsub/prefix_override:/usr/lib/python3/dist-packages/colcon_core/task/python/colcon_distutils_commands:/home/atwalm/cs_classes/robotics/ros-lab-2/install/py_pubsub/lib/python3.12/site-packages:${PYTHONPATH} /usr/bin/python3 -W ignore:setup.py install is deprecated -W ignore:easy_install command is deprecated setup.py egg_info --egg-base ../../../build/py_pubsub build --build-base /home/atwalm/cs_classes/robotics/ros-lab-2/build/py_pubsub/build install --record /home/atwalm/cs_classes/robotics/ros-lab-2/build/py_pubsub/install.log --single-version-externally-managed install_data
[7.017s] DEBUG:colcon.colcon_parallel_executor.executor.parallel:closing loop
[7.017s] DEBUG:colcon.colcon_parallel_executor.executor.parallel:loop closed
[7.017s] DEBUG:colcon.colcon_parallel_executor.executor.parallel:run_until_complete finished with '1'
[7.017s] DEBUG:colcon.colcon_core.event_reactor:joining thread
[7.075s] INFO:colcon.colcon_core.plugin_system:Skipping extension 'colcon_notification.desktop_notification.notify_send': Could not find 'notify-send'
[7.075s] INFO:colcon.colcon_core.plugin_system:Skipping extension 'colcon_notification.desktop_notification.terminal_notifier': Not used on non-Darwin systems
[7.075s] INFO:colcon.colcon_core.plugin_system:Skipping extension 'colcon_notification.desktop_notification.win32': Not used on non-Windows systems
[7.077s] INFO:colcon.colcon_notification.desktop_notification:Sending desktop notification using 'notify2'
[7.078s] DEBUG:colcon.colcon_notification.desktop_notification.notify2:Failed to initialize notify2: org.freedesktop.DBus.Error.ServiceUnknown: The name is not activatable
[7.079s] DEBUG:colcon.colcon_core.event_reactor:joined thread
[7.080s] INFO:colcon.colcon_core.shell:Creating prefix script '/home/atwalm/cs_classes/robotics/ros-lab-2/install/local_setup.ps1'
[7.086s] INFO:colcon.colcon_core.shell:Creating prefix util module '/home/atwalm/cs_classes/robotics/ros-lab-2/install/_local_setup_util_ps1.py'
[7.093s] INFO:colcon.colcon_core.shell:Creating prefix chain script '/home/atwalm/cs_classes/robotics/ros-lab-2/install/setup.ps1'
[7.098s] INFO:colcon.colcon_core.shell:Creating prefix script '/home/atwalm/cs_classes/robotics/ros-lab-2/install/local_setup.sh'
[7.102s] INFO:colcon.colcon_core.shell:Creating prefix util module '/home/atwalm/cs_classes/robotics/ros-lab-2/install/_local_setup_util_sh.py'
[7.106s] INFO:colcon.colcon_core.shell:Creating prefix chain script '/home/atwalm/cs_classes/robotics/ros-lab-2/install/setup.sh'
[7.111s] INFO:colcon.colcon_core.shell:Creating prefix script '/home/atwalm/cs_classes/robotics/ros-lab-2/install/local_setup.bash'
[7.116s] INFO:colcon.colcon_core.shell:Creating prefix chain script '/home/atwalm/cs_classes/robotics/ros-lab-2/install/setup.bash'
[7.121s] INFO:colcon.colcon_core.shell:Creating prefix script '/home/atwalm/cs_classes/robotics/ros-lab-2/install/local_setup.zsh'
[7.125s] INFO:colcon.colcon_core.shell:Creating prefix chain script '/home/atwalm/cs_classes/robotics/ros-lab-2/install/setup.zsh'
