[0.022s] Invoking command in '/home/atwalm/cs_classes/robotics/ros-lab-2/build/ros_gz_gazebo': CMAKE_PREFIX_PATH=/home/atwalm/cs_classes/robotics/ros-lab-2/install/ros_gz_description:/opt/ros/jazzy/opt/gz_sim_vendor:/opt/ros/jazzy/opt/gz_sensors_vendor:/opt/ros/jazzy/opt/gz_physics_vendor:/opt/ros/jazzy/opt/sdformat_vendor:/opt/ros/jazzy/opt/gz_gui_vendor:/opt/ros/jazzy/opt/gz_transport_vendor:/opt/ros/jazzy/opt/gz_rendering_vendor:/opt/ros/jazzy/opt/gz_plugin_vendor:/opt/ros/jazzy/opt/gz_fuel_tools_vendor:/opt/ros/jazzy/opt/gz_msgs_vendor:/opt/ros/jazzy/opt/gz_common_vendor:/opt/ros/jazzy/opt/gz_math_vendor:/opt/ros/jazzy/opt/gz_utils_vendor:/opt/ros/jazzy/opt/gz_tools_vendor:/opt/ros/jazzy/opt/gz_ogre_next_vendor:/opt/ros/jazzy/opt/gz_dartsim_vendor:/opt/ros/jazzy/opt/gz_cmake_vendor:/opt/ros/jazzy PS1=<ROS2-Jazzy>[\u@\h \W]$ /usr/bin/cmake /home/atwalm/cs_classes/robotics/ros-lab-2/ros_gz_gazebo -DBUILD_TESTING=ON -DCMAKE_INSTALL_PREFIX=/home/atwalm/cs_classes/robotics/ros-lab-2/install/ros_gz_gazebo
[0.197s] -- The C compiler identification is GNU 13.3.0
[0.547s] -- The CXX compiler identification is GNU 13.3.0
[0.617s] -- Detecting C compiler ABI info
[0.991s] -- Detecting C compiler ABI info - done
[1.012s] -- Check for working C compiler: /usr/bin/cc - skipped
[1.014s] -- Detecting C compile features
[1.014s] -- Detecting C compile features - done
[1.048s] -- Detecting CXX compiler ABI info
[1.355s] -- Detecting CXX compiler ABI info - done
[1.376s] -- Check for working CXX compiler: /usr/bin/c++ - skipped
[1.377s] -- Detecting CXX compile features
[1.377s] -- Detecting CXX compile features - done
[1.422s] -- Found ament_cmake: 2.5.3 (/opt/ros/jazzy/share/ament_cmake/cmake)
[1.655s] -- Found Python3: /usr/bin/python3 (found version "3.12.3") found components: Interpreter 
[2.131s] -- Found ros_gz_description: 0.0.0 (/home/atwalm/cs_classes/robotics/ros-lab-2/install/ros_gz_description/share/ros_gz_description/cmake)
[2.201s] -- Looking for gz-plugin2 -- found version 2.0.4
[2.204s] -- Searching for dependencies of gz-plugin2
[2.226s] -- Looking for gz-utils2 -- found version 2.2.1
[2.229s] -- Searching for dependencies of gz-utils2
[2.231s] -- Searching for <gz-utils2> component [cli]
[2.247s] -- Looking for gz-utils2-cli -- found version 2.2.1
[2.250s] -- Searching for dependencies of gz-utils2-cli
[2.252s] -- Searching for <gz-plugin2> component [register]
[2.266s] -- Looking for gz-plugin2-register -- found version 2.0.4
[2.268s] -- Searching for dependencies of gz-plugin2-register
[2.287s] -- Looking for gz-common5 -- found version 5.7.1
[2.290s] -- Searching for dependencies of gz-common5
[2.292s] -- Looking for gz-utils2 -- found version 2.2.1
[2.295s] -- Looking for dlfcn.h - found
[2.315s] -- Looking for libdl - found
[2.318s] -- Found DL: TRUE  
[2.342s] -- Checking for module 'uuid'
[2.376s] --   Found uuid, version 2.39.3
[2.433s] -- Found UUID: TRUE  
[2.435s] -- Searching for <gz-common5> component [profiler]
[2.454s] -- Looking for gz-common5-profiler -- found version 5.7.1
[2.457s] -- Searching for dependencies of gz-common5-profiler
[2.473s] -- Looking for gz-sim8 -- found version 8.9.0
[2.474s] -- Searching for dependencies of gz-sim8
[2.488s] -- Looking for sdformat14 -- found version 14.7.0
[2.489s] -- Searching for dependencies of sdformat14
[2.500s] -- Checking for module 'tinyxml2'
[2.529s] --   Found tinyxml2, version 10.0.0
[2.610s] -- Looking for gz-math7 -- found version 7.5.2
[2.611s] -- Searching for dependencies of gz-math7
[2.612s] -- Looking for gz-utils2 -- found version 2.2.1
[2.613s] -- Looking for gz-utils2 -- found version 2.2.1
[2.616s] -- Looking for gz-plugin2 -- found version 2.0.4
[2.617s] -- Searching for dependencies of gz-plugin2
[2.617s] -- Looking for gz-utils2 -- found version 2.2.1
[2.618s] -- Searching for <gz-plugin2> component [loader]
[2.633s] -- Looking for gz-plugin2-loader -- found version 2.0.4
[2.634s] -- Searching for dependencies of gz-plugin2-loader
[2.635s] -- Searching for <gz-plugin2> component [register]
[2.651s] -- Looking for gz-transport13 -- found version 13.4.1
[2.653s] -- Searching for dependencies of gz-transport13
[3.253s] -- Found Protobuf: /usr/lib/x86_64-linux-gnu/libprotobuf.so (found version "3.21.12") 
[3.313s] -- Config-file not installed for ZeroMQ -- checking for pkg-config
[3.322s] -- Checking for module 'libzmq >= 4'
[3.354s] --   Found libzmq, version 4.3.5
[3.456s] -- Found ZeroMQ: TRUE (Required is at least version "4") 
[3.477s] -- Looking for gz-utils2 -- found version 2.2.1
[3.496s] -- Looking for gz-msgs10 -- found version 10.3.2
[3.498s] -- Searching for dependencies of gz-msgs10
[3.563s] -- Looking for gz-utils2 -- found version 2.2.1
[3.566s] -- Looking for gz-math7 -- found version 7.5.2
[3.575s] -- Searching for <gz-transport13> component [log]
[3.586s] -- Looking for gz-transport13-log -- found version 13.4.1
[3.587s] -- Searching for dependencies of gz-transport13-log
[3.588s] -- Searching for <gz-transport13> component [parameters]
[3.596s] -- Looking for gz-transport13-parameters -- found version 13.4.1
[3.597s] -- Searching for dependencies of gz-transport13-parameters
[3.597s] -- Looking for gz-msgs10 -- found version 10.3.2
[3.598s] -- Looking for gz-common5 -- found version 5.7.1
[3.598s] -- Searching for dependencies of gz-common5
[3.599s] -- Looking for gz-utils2 -- found version 2.2.1
[3.600s] -- Looking for dlfcn.h - found
[3.600s] -- Looking for libdl - found
[3.604s] -- Searching for <gz-common5> component [av]
[3.612s] -- Looking for gz-common5-av -- found version 5.7.1
[3.613s] -- Searching for dependencies of gz-common5-av
[3.616s] -- Checking for module 'libswscale'
[3.627s] --   Found libswscale, version 7.5.100
[3.681s] -- Found SWSCALE: TRUE  
[3.691s] -- Checking for module 'libavdevice >= 56.4.100'
[3.719s] --   Found libavdevice, version 60.3.100
[3.806s] -- Found AVDEVICE: TRUE (Required is at least version "56.4.100") 
[3.817s] -- Checking for module 'libavformat'
[3.840s] --   Found libavformat, version 60.16.100
[3.898s] -- Found AVFORMAT: TRUE  
[3.901s] -- Checking for module 'libavcodec'
[3.909s] --   Found libavcodec, version 60.31.102
[3.966s] -- Found AVCODEC: TRUE  
[3.977s] -- Checking for module 'libavutil'
[3.999s] --   Found libavutil, version 58.29.100
[4.055s] -- Found AVUTIL: TRUE  
[4.056s] -- Searching for <gz-common5> component [events]
[4.074s] -- Looking for gz-common5-events -- found version 5.7.1
[4.075s] -- Searching for dependencies of gz-common5-events
[4.076s] -- Looking for gz-math7 -- found version 7.5.2
[4.077s] -- Searching for <gz-common5> component [graphics]
[4.094s] -- Looking for gz-common5-graphics -- found version 5.7.1
[4.095s] -- Searching for dependencies of gz-common5-graphics
[4.096s] -- Looking for gz-math7 -- found version 7.5.2
[4.128s] -- Found GzAssimp: TRUE (found version "5.3.0") 
[4.130s] -- Searching for <gz-common5> component [io]
[4.145s] -- Looking for gz-common5-io -- found version 5.7.1
[4.146s] -- Searching for dependencies of gz-common5-io
[4.147s] -- Searching for <gz-common5> component [profiler]
[4.166s] -- Looking for gz-fuel_tools9 -- found version 9.1.1
[4.167s] -- Searching for dependencies of gz-fuel_tools9
[4.358s] -- Found CURL: /usr/lib/x86_64-linux-gnu/libcurl.so (found version "8.5.0")  
[4.403s] -- Checking for module 'jsoncpp'
[4.433s] --   Found jsoncpp, version 1.9.5
[4.498s] -- Found JSONCPP: TRUE  
[4.562s] -- Checking for module 'yaml-0.1'
[4.591s] --   Found yaml-0.1, version 0.2.5
[4.654s] -- Found YAML: TRUE  
[4.665s] -- Checking for module 'libzip'
[4.697s] --   Found libzip, version 1.7.3
[4.734s] -- Found ZIP: TRUE  
[4.736s] -- Looking for gz-utils2 -- found version 2.2.1
[4.737s] -- Looking for gz-common5 -- found version 5.7.1
[4.737s] -- Searching for dependencies of gz-common5
[4.738s] -- Looking for gz-utils2 -- found version 2.2.1
[4.739s] -- Looking for dlfcn.h - found
[4.740s] -- Looking for libdl - found
[4.746s] -- Searching for <gz-common5> component [testing]
[4.757s] -- Looking for gz-common5-testing -- found version 5.7.1
[4.758s] -- Searching for dependencies of gz-common5-testing
[4.759s] -- Looking for gz-math7 -- found version 7.5.2
[4.760s] -- Looking for gz-msgs10 -- found version 10.3.2
[4.769s] -- Looking for gz-gui8 -- found version 8.4.0
[4.770s] -- Searching for dependencies of gz-gui8
[4.821s] -- Looking for gz-utils2 -- found version 2.2.1
[4.822s] -- Looking for gz-math7 -- found version 7.5.2
[4.823s] -- Looking for gz-common5 -- found version 5.7.1
[4.823s] -- Looking for gz-plugin2 -- found version 2.0.4
[4.824s] -- Looking for gz-transport13 -- found version 13.4.1
[4.842s] -- Looking for gz-rendering8 -- found version 8.2.2
[4.843s] -- Searching for dependencies of gz-rendering8
[4.844s] -- Looking for gz-math7 -- found version 7.5.2
[4.844s] -- Searching for dependencies of gz-math7
[4.845s] -- Looking for gz-utils2 -- found version 2.2.1
[4.845s] -- Searching for <gz-math7> component [eigen3]
[4.864s] -- Looking for gz-math7-eigen3 -- found version 7.5.2
[4.865s] -- Searching for dependencies of gz-math7-eigen3
[4.911s] -- Looking for gz-common5 -- found version 5.7.1
[4.914s] -- Searching for dependencies of gz-common5
[4.916s] -- Looking for gz-utils2 -- found version 2.2.1
[4.919s] -- Looking for dlfcn.h - found
[4.921s] -- Looking for libdl - found
[4.922s] -- Searching for <gz-common5> component [graphics]
[4.922s] -- Searching for <gz-common5> component [events]
[4.923s] -- Searching for <gz-common5> component [geospatial]
[4.937s] -- Looking for gz-common5-geospatial -- found version 5.7.1
[4.938s] -- Searching for dependencies of gz-common5-geospatial
[4.939s] -- Looking for gz-math7 -- found version 7.5.2
[4.940s] -- Looking for gz-common5 -- found version 5.7.1
[4.942s] -- Looking for gz-plugin2 -- found version 2.0.4
[4.943s] -- Searching for dependencies of gz-plugin2
[4.943s] -- Looking for gz-utils2 -- found version 2.2.1
[4.944s] -- Searching for <gz-plugin2> component [all]
[4.959s] -- Looking for all libraries of gz-plugin2 -- found version 2.0.4
[4.961s] -- Looking for gz-plugin2 -- found version 2.0.4
[4.962s] -- Looking for gz-utils2 -- found version 2.2.1
[5.000s] -- Found OpenGL: /usr/lib/x86_64-linux-gnu/libOpenGL.so  found components: OpenGL 
[5.006s] -- Looking for gz-msgs10 -- found version 10.3.2
[5.115s] -- Looking for gz-physics7 -- found version 7.5.0
[5.117s] -- Searching for dependencies of gz-physics7
[5.120s] -- Looking for gz-common5 -- found version 5.7.1
[5.123s] -- Looking for gz-math7 -- found version 7.5.2
[5.123s] -- Looking for gz-plugin2 -- found version 2.0.4
[5.125s] -- Looking for gz-utils2 -- found version 2.2.1
[5.126s] -- Searching for <gz-physics7> component [heightmap]
[5.126s] -- Looking for gz-physics7-heightmap -- found version 7.5.0
[5.126s] -- Searching for dependencies of gz-physics7-heightmap
[5.127s] -- Looking for gz-common5 -- found version 5.7.1
[5.128s] -- Searching for <gz-physics7> component [mesh]
[5.137s] -- Looking for gz-physics7-mesh -- found version 7.5.0
[5.138s] -- Searching for dependencies of gz-physics7-mesh
[5.138s] -- Looking for gz-common5 -- found version 5.7.1
[5.139s] -- Searching for <gz-physics7> component [sdf]
[5.148s] -- Looking for gz-physics7-sdf -- found version 7.5.0
[5.149s] -- Searching for dependencies of gz-physics7-sdf
[5.150s] -- Looking for sdformat14 -- found version 14.7.0
[5.161s] -- Looking for gz-sensors8 -- found version 8.2.2
[5.163s] -- Searching for dependencies of gz-sensors8
[5.227s] -- Looking for gz-math7 -- found version 7.5.2
[5.230s] -- Looking for gz-common5 -- found version 5.7.1
[5.234s] -- Looking for gz-transport13 -- found version 13.4.1
[5.237s] -- Looking for gz-rendering8 -- found version 8.2.2
[5.239s] -- Looking for gz-msgs10 -- found version 10.3.2
[5.239s] -- Looking for sdformat14 -- found version 14.7.0
[5.240s] -- Searching for <gz-sensors8> component [air_pressure]
[5.244s] -- Looking for gz-sensors8-air_pressure -- found version 8.2.2
[5.245s] -- Searching for dependencies of gz-sensors8-air_pressure
[5.247s] -- Searching for <gz-sensors8> component [air_speed]
[5.255s] -- Looking for gz-sensors8-air_speed -- found version 8.2.2
[5.256s] -- Searching for dependencies of gz-sensors8-air_speed
[5.258s] -- Searching for <gz-sensors8> component [altimeter]
[5.266s] -- Looking for gz-sensors8-altimeter -- found version 8.2.2
[5.267s] -- Searching for dependencies of gz-sensors8-altimeter
[5.268s] -- Searching for <gz-sensors8> component [imu]
[5.277s] -- Looking for gz-sensors8-imu -- found version 8.2.2
[5.278s] -- Searching for dependencies of gz-sensors8-imu
[5.279s] -- Searching for <gz-sensors8> component [force_torque]
[5.288s] -- Looking for gz-sensors8-force_torque -- found version 8.2.2
[5.289s] -- Searching for dependencies of gz-sensors8-force_torque
[5.290s] -- Searching for <gz-sensors8> component [logical_camera]
[5.298s] -- Looking for gz-sensors8-logical_camera -- found version 8.2.2
[5.299s] -- Searching for dependencies of gz-sensors8-logical_camera
[5.300s] -- Searching for <gz-sensors8> component [magnetometer]
[5.310s] -- Looking for gz-sensors8-magnetometer -- found version 8.2.2
[5.311s] -- Searching for dependencies of gz-sensors8-magnetometer
[5.312s] -- Searching for <gz-sensors8> component [navsat]
[5.320s] -- Looking for gz-sensors8-navsat -- found version 8.2.2
[5.321s] -- Searching for dependencies of gz-sensors8-navsat
[5.322s] -- Searching for <gz-sensors8> component [dvl]
[5.330s] -- Looking for gz-sensors8-dvl -- found version 8.2.2
[5.331s] -- Searching for dependencies of gz-sensors8-dvl
[5.332s] -- Looking for gz-sensors8 -- found version 8.2.2
[5.333s] -- Searching for dependencies of gz-sensors8
[5.395s] -- Looking for gz-math7 -- found version 7.5.2
[5.397s] -- Looking for gz-common5 -- found version 5.7.1
[5.398s] -- Looking for gz-transport13 -- found version 13.4.1
[5.398s] -- Looking for gz-rendering8 -- found version 8.2.2
[5.399s] -- Looking for gz-msgs10 -- found version 10.3.2
[5.401s] -- Looking for sdformat14 -- found version 14.7.0
[5.404s] -- Searching for <gz-sensors8> component [rendering]
[5.411s] -- Looking for gz-sensors8-rendering -- found version 8.2.2
[5.413s] -- Searching for dependencies of gz-sensors8-rendering
[5.416s] -- Searching for <gz-sensors8> component [rendering]
[5.417s] -- Searching for <gz-sensors8> component [lidar]
[5.427s] -- Looking for gz-sensors8-lidar -- found version 8.2.2
[5.427s] -- Searching for dependencies of gz-sensors8-lidar
[5.428s] -- Looking for gz-sensors8 -- found version 8.2.2
[5.430s] -- Searching for <gz-sensors8> component [gpu_lidar]
[5.440s] -- Looking for gz-sensors8-gpu_lidar -- found version 8.2.2
[5.441s] -- Searching for dependencies of gz-sensors8-gpu_lidar
[5.442s] -- Looking for gz-sensors8 -- found version 8.2.2
[5.443s] -- Searching for <gz-sensors8> component [camera]
[5.453s] -- Looking for gz-sensors8-camera -- found version 8.2.2
[5.454s] -- Searching for dependencies of gz-sensors8-camera
[5.455s] -- Looking for gz-sensors8 -- found version 8.2.2
[5.456s] -- Searching for <gz-sensors8> component [boundingbox_camera]
[5.466s] -- Looking for gz-sensors8-boundingbox_camera -- found version 8.2.2
[5.467s] -- Searching for dependencies of gz-sensors8-boundingbox_camera
[5.468s] -- Searching for <gz-sensors8> component [segmentation_camera]
[5.478s] -- Looking for gz-sensors8-segmentation_camera -- found version 8.2.2
[5.479s] -- Searching for dependencies of gz-sensors8-segmentation_camera
[5.480s] -- Searching for <gz-sensors8> component [depth_camera]
[5.489s] -- Looking for gz-sensors8-depth_camera -- found version 8.2.2
[5.489s] -- Searching for dependencies of gz-sensors8-depth_camera
[5.490s] -- Looking for gz-sensors8 -- found version 8.2.2
[5.491s] -- Searching for <gz-sensors8> component [rgbd_camera]
[5.501s] -- Looking for gz-sensors8-rgbd_camera -- found version 8.2.2
[5.501s] -- Searching for dependencies of gz-sensors8-rgbd_camera
[5.502s] -- Looking for gz-sensors8 -- found version 8.2.2
[5.503s] -- Searching for <gz-sensors8> component [thermal_camera]
[5.512s] -- Looking for gz-sensors8-thermal_camera -- found version 8.2.2
[5.513s] -- Searching for dependencies of gz-sensors8-thermal_camera
[5.514s] -- Looking for gz-sensors8 -- found version 8.2.2
[5.515s] -- Searching for <gz-sensors8> component [wide_angle_camera]
[5.524s] -- Looking for gz-sensors8-wide_angle_camera -- found version 8.2.2
[5.524s] -- Searching for dependencies of gz-sensors8-wide_angle_camera
[5.526s] -- Looking for gz-rendering8 -- found version 8.2.2
[5.527s] -- Looking for gz-math7 -- found version 7.5.2
[5.528s] -- Looking for gz-utils2 -- found version 2.2.1
[5.588s] -- Compiling against Gazebo Harmonic
[5.618s] -- Found ament_lint_auto: 0.17.2 (/opt/ros/jazzy/share/ament_lint_auto/cmake)
[5.824s] -- Configuring done (5.8s)
[6.116s] -- Generating done (0.3s)
[6.194s] -- Build files have been written to: /home/atwalm/cs_classes/robotics/ros-lab-2/build/ros_gz_gazebo
