[0.059s] DEBUG:colcon:Command line arguments: ['/usr/bin/colcon', 'build', '--cmake-args', '-DBUILD_TESTING=ON']
[0.059s] DEBUG:colcon:Parsed command line arguments: Namespace(log_base=None, log_level=None, verb_name='build', build_base='build', install_base='install', merge_install=False, symlink_install=False, test_result_base=None, continue_on_error=False, executor='parallel', parallel_workers=28, event_handlers=None, ignore_user_meta=False, metas=['./colcon.meta'], base_paths=['.'], packages_ignore=None, packages_ignore_regex=None, paths=None, packages_up_to=None, packages_up_to_regex=None, packages_above=None, packages_above_and_dependencies=None, packages_above_depth=None, packages_select_by_dep=None, packages_skip_by_dep=None, packages_skip_up_to=None, packages_select_build_failed=False, packages_skip_build_finished=False, packages_select_test_failures=False, packages_skip_test_passed=False, packages_select=None, packages_skip=None, packages_select_regex=None, packages_skip_regex=None, packages_start=None, packages_end=None, allow_overriding=[], cmake_args=['-DBUILD_TESTING=ON'], cmake_target=None, cmake_target_skip_unavailable=False, cmake_clean_cache=False, cmake_clean_first=False, cmake_force_configure=False, ament_cmake_args=None, catkin_cmake_args=None, catkin_skip_building_tests=False, mixin_files=None, mixin=None, verb_parser=<colcon_mixin.mixin.mixin_argument.MixinArgumentDecorator object at 0x7f836f7e6a80>, verb_extension=<colcon_core.verb.build.BuildVerb object at 0x7f836f95b260>, main=<bound method BuildVerb.main of <colcon_core.verb.build.BuildVerb object at 0x7f836f95b260>>, mixin_verb=('build',))
[0.079s] Level 1:colcon.colcon_core.package_discovery:discover_packages(colcon_meta) check parameters
[0.079s] Level 1:colcon.colcon_core.package_discovery:discover_packages(recursive) check parameters
[0.079s] Level 1:colcon.colcon_core.package_discovery:discover_packages(ignore) check parameters
[0.079s] Level 1:colcon.colcon_core.package_discovery:discover_packages(path) check parameters
[0.079s] Level 1:colcon.colcon_core.package_discovery:discover_packages(colcon_meta) discover
[0.080s] Level 1:colcon.colcon_core.package_discovery:discover_packages(recursive) discover
[0.080s] INFO:colcon.colcon_core.package_discovery:Crawling recursively for packages in '/home/atwalm/cs_classes/robotics/ros-lab-2'
[0.081s] Level 1:colcon.colcon_core.package_identification:_identify(.) by extensions ['ignore', 'ignore_ament_install']
[0.081s] Level 1:colcon.colcon_core.package_identification:_identify(.) by extension 'ignore'
[0.081s] Level 1:colcon.colcon_core.package_identification:_identify(.) by extension 'ignore_ament_install'
[0.082s] Level 1:colcon.colcon_core.package_identification:_identify(.) by extensions ['colcon_pkg']
[0.083s] Level 1:colcon.colcon_core.package_identification:_identify(.) by extension 'colcon_pkg'
[0.083s] Level 1:colcon.colcon_core.package_identification:_identify(.) by extensions ['colcon_meta']
[0.084s] Level 1:colcon.colcon_core.package_identification:_identify(.) by extension 'colcon_meta'
[0.084s] Level 1:colcon.colcon_core.package_identification:_identify(.) by extensions ['ros']
[0.084s] Level 1:colcon.colcon_core.package_identification:_identify(.) by extension 'ros'
[0.097s] Level 1:colcon.colcon_core.package_identification:_identify(.) by extensions ['cmake', 'python']
[0.097s] Level 1:colcon.colcon_core.package_identification:_identify(.) by extension 'cmake'
[0.097s] Level 1:colcon.colcon_core.package_identification:_identify(.) by extension 'python'
[0.097s] Level 1:colcon.colcon_core.package_identification:_identify(.) by extensions ['python_setup_py']
[0.097s] Level 1:colcon.colcon_core.package_identification:_identify(.) by extension 'python_setup_py'
[0.097s] Level 1:colcon.colcon_core.package_identification:_identify(build) by extensions ['ignore', 'ignore_ament_install']
[0.098s] Level 1:colcon.colcon_core.package_identification:_identify(build) by extension 'ignore'
[0.098s] Level 1:colcon.colcon_core.package_identification:_identify(build) ignored
[0.098s] Level 1:colcon.colcon_core.package_identification:_identify(figs) by extensions ['ignore', 'ignore_ament_install']
[0.099s] Level 1:colcon.colcon_core.package_identification:_identify(figs) by extension 'ignore'
[0.099s] Level 1:colcon.colcon_core.package_identification:_identify(figs) by extension 'ignore_ament_install'
[0.099s] Level 1:colcon.colcon_core.package_identification:_identify(figs) by extensions ['colcon_pkg']
[0.099s] Level 1:colcon.colcon_core.package_identification:_identify(figs) by extension 'colcon_pkg'
[0.099s] Level 1:colcon.colcon_core.package_identification:_identify(figs) by extensions ['colcon_meta']
[0.099s] Level 1:colcon.colcon_core.package_identification:_identify(figs) by extension 'colcon_meta'
[0.099s] Level 1:colcon.colcon_core.package_identification:_identify(figs) by extensions ['ros']
[0.099s] Level 1:colcon.colcon_core.package_identification:_identify(figs) by extension 'ros'
[0.099s] Level 1:colcon.colcon_core.package_identification:_identify(figs) by extensions ['cmake', 'python']
[0.100s] Level 1:colcon.colcon_core.package_identification:_identify(figs) by extension 'cmake'
[0.100s] Level 1:colcon.colcon_core.package_identification:_identify(figs) by extension 'python'
[0.101s] Level 1:colcon.colcon_core.package_identification:_identify(figs) by extensions ['python_setup_py']
[0.101s] Level 1:colcon.colcon_core.package_identification:_identify(figs) by extension 'python_setup_py'
[0.102s] Level 1:colcon.colcon_core.package_identification:_identify(install) by extensions ['ignore', 'ignore_ament_install']
[0.102s] Level 1:colcon.colcon_core.package_identification:_identify(install) by extension 'ignore'
[0.103s] Level 1:colcon.colcon_core.package_identification:_identify(install) ignored
[0.104s] Level 1:colcon.colcon_core.package_identification:_identify(log) by extensions ['ignore', 'ignore_ament_install']
[0.104s] Level 1:colcon.colcon_core.package_identification:_identify(log) by extension 'ignore'
[0.104s] Level 1:colcon.colcon_core.package_identification:_identify(log) ignored
[0.105s] Level 1:colcon.colcon_core.package_identification:_identify(ros_gz_app) by extensions ['ignore', 'ignore_ament_install']
[0.105s] Level 1:colcon.colcon_core.package_identification:_identify(ros_gz_app) by extension 'ignore'
[0.106s] Level 1:colcon.colcon_core.package_identification:_identify(ros_gz_app) by extension 'ignore_ament_install'
[0.106s] Level 1:colcon.colcon_core.package_identification:_identify(ros_gz_app) by extensions ['colcon_pkg']
[0.107s] Level 1:colcon.colcon_core.package_identification:_identify(ros_gz_app) by extension 'colcon_pkg'
[0.107s] Level 1:colcon.colcon_core.package_identification:_identify(ros_gz_app) by extensions ['colcon_meta']
[0.107s] Level 1:colcon.colcon_core.package_identification:_identify(ros_gz_app) by extension 'colcon_meta'
[0.107s] Level 1:colcon.colcon_core.package_identification:_identify(ros_gz_app) by extensions ['ros']
[0.108s] Level 1:colcon.colcon_core.package_identification:_identify(ros_gz_app) by extension 'ros'
[0.109s] DEBUG:colcon.colcon_core.package_identification:Package 'ros_gz_app' with type 'ros.ament_cmake' and name 'ros_gz_app'
[0.109s] Level 1:colcon.colcon_core.package_identification:_identify(ros_gz_bringup) by extensions ['ignore', 'ignore_ament_install']
[0.109s] Level 1:colcon.colcon_core.package_identification:_identify(ros_gz_bringup) by extension 'ignore'
[0.110s] Level 1:colcon.colcon_core.package_identification:_identify(ros_gz_bringup) by extension 'ignore_ament_install'
[0.110s] Level 1:colcon.colcon_core.package_identification:_identify(ros_gz_bringup) by extensions ['colcon_pkg']
[0.111s] Level 1:colcon.colcon_core.package_identification:_identify(ros_gz_bringup) by extension 'colcon_pkg'
[0.111s] Level 1:colcon.colcon_core.package_identification:_identify(ros_gz_bringup) by extensions ['colcon_meta']
[0.111s] Level 1:colcon.colcon_core.package_identification:_identify(ros_gz_bringup) by extension 'colcon_meta'
[0.111s] Level 1:colcon.colcon_core.package_identification:_identify(ros_gz_bringup) by extensions ['ros']
[0.112s] Level 1:colcon.colcon_core.package_identification:_identify(ros_gz_bringup) by extension 'ros'
[0.112s] DEBUG:colcon.colcon_core.package_identification:Package 'ros_gz_bringup' with type 'ros.ament_cmake' and name 'ros_gz_bringup'
[0.113s] Level 1:colcon.colcon_core.package_identification:_identify(ros_gz_description) by extensions ['ignore', 'ignore_ament_install']
[0.113s] Level 1:colcon.colcon_core.package_identification:_identify(ros_gz_description) by extension 'ignore'
[0.113s] Level 1:colcon.colcon_core.package_identification:_identify(ros_gz_description) by extension 'ignore_ament_install'
[0.114s] Level 1:colcon.colcon_core.package_identification:_identify(ros_gz_description) by extensions ['colcon_pkg']
[0.114s] Level 1:colcon.colcon_core.package_identification:_identify(ros_gz_description) by extension 'colcon_pkg'
[0.114s] Level 1:colcon.colcon_core.package_identification:_identify(ros_gz_description) by extensions ['colcon_meta']
[0.115s] Level 1:colcon.colcon_core.package_identification:_identify(ros_gz_description) by extension 'colcon_meta'
[0.115s] Level 1:colcon.colcon_core.package_identification:_identify(ros_gz_description) by extensions ['ros']
[0.115s] Level 1:colcon.colcon_core.package_identification:_identify(ros_gz_description) by extension 'ros'
[0.115s] DEBUG:colcon.colcon_core.package_identification:Package 'ros_gz_description' with type 'ros.ament_cmake' and name 'ros_gz_description'
[0.116s] Level 1:colcon.colcon_core.package_identification:_identify(ros_gz_gazebo) by extensions ['ignore', 'ignore_ament_install']
[0.116s] Level 1:colcon.colcon_core.package_identification:_identify(ros_gz_gazebo) by extension 'ignore'
[0.117s] Level 1:colcon.colcon_core.package_identification:_identify(ros_gz_gazebo) by extension 'ignore_ament_install'
[0.117s] Level 1:colcon.colcon_core.package_identification:_identify(ros_gz_gazebo) by extensions ['colcon_pkg']
[0.117s] Level 1:colcon.colcon_core.package_identification:_identify(ros_gz_gazebo) by extension 'colcon_pkg'
[0.118s] Level 1:colcon.colcon_core.package_identification:_identify(ros_gz_gazebo) by extensions ['colcon_meta']
[0.118s] Level 1:colcon.colcon_core.package_identification:_identify(ros_gz_gazebo) by extension 'colcon_meta'
[0.118s] Level 1:colcon.colcon_core.package_identification:_identify(ros_gz_gazebo) by extensions ['ros']
[0.119s] Level 1:colcon.colcon_core.package_identification:_identify(ros_gz_gazebo) by extension 'ros'
[0.119s] DEBUG:colcon.colcon_core.package_identification:Package 'ros_gz_gazebo' with type 'ros.ament_cmake' and name 'ros_gz_gazebo'
[0.119s] Level 1:colcon.colcon_core.package_identification:_identify(src) by extensions ['ignore', 'ignore_ament_install']
[0.119s] Level 1:colcon.colcon_core.package_identification:_identify(src) by extension 'ignore'
[0.120s] Level 1:colcon.colcon_core.package_identification:_identify(src) by extension 'ignore_ament_install'
[0.120s] Level 1:colcon.colcon_core.package_identification:_identify(src) by extensions ['colcon_pkg']
[0.121s] Level 1:colcon.colcon_core.package_identification:_identify(src) by extension 'colcon_pkg'
[0.121s] Level 1:colcon.colcon_core.package_identification:_identify(src) by extensions ['colcon_meta']
[0.121s] Level 1:colcon.colcon_core.package_identification:_identify(src) by extension 'colcon_meta'
[0.121s] Level 1:colcon.colcon_core.package_identification:_identify(src) by extensions ['ros']
[0.122s] Level 1:colcon.colcon_core.package_identification:_identify(src) by extension 'ros'
[0.122s] Level 1:colcon.colcon_core.package_identification:_identify(src) by extensions ['cmake', 'python']
[0.122s] Level 1:colcon.colcon_core.package_identification:_identify(src) by extension 'cmake'
[0.122s] Level 1:colcon.colcon_core.package_identification:_identify(src) by extension 'python'
[0.123s] Level 1:colcon.colcon_core.package_identification:_identify(src) by extensions ['python_setup_py']
[0.123s] Level 1:colcon.colcon_core.package_identification:_identify(src) by extension 'python_setup_py'
[0.124s] Level 1:colcon.colcon_core.package_identification:_identify(src/py_pubsub) by extensions ['ignore', 'ignore_ament_install']
[0.124s] Level 1:colcon.colcon_core.package_identification:_identify(src/py_pubsub) by extension 'ignore'
[0.124s] Level 1:colcon.colcon_core.package_identification:_identify(src/py_pubsub) by extension 'ignore_ament_install'
[0.125s] Level 1:colcon.colcon_core.package_identification:_identify(src/py_pubsub) by extensions ['colcon_pkg']
[0.125s] Level 1:colcon.colcon_core.package_identification:_identify(src/py_pubsub) by extension 'colcon_pkg'
[0.125s] Level 1:colcon.colcon_core.package_identification:_identify(src/py_pubsub) by extensions ['colcon_meta']
[0.126s] Level 1:colcon.colcon_core.package_identification:_identify(src/py_pubsub) by extension 'colcon_meta'
[0.126s] Level 1:colcon.colcon_core.package_identification:_identify(src/py_pubsub) by extensions ['ros']
[0.126s] Level 1:colcon.colcon_core.package_identification:_identify(src/py_pubsub) by extension 'ros'
[0.127s] DEBUG:colcon.colcon_core.package_identification:Package 'src/py_pubsub' with type 'ros.ament_python' and name 'py_pubsub'
[0.127s] Level 1:colcon.colcon_core.package_discovery:discover_packages(recursive) using defaults
[0.127s] Level 1:colcon.colcon_core.package_discovery:discover_packages(ignore) discover
[0.127s] Level 1:colcon.colcon_core.package_discovery:discover_packages(ignore) using defaults
[0.128s] Level 1:colcon.colcon_core.package_discovery:discover_packages(path) discover
[0.128s] Level 1:colcon.colcon_core.package_discovery:discover_packages(path) using defaults
[0.144s] Level 1:colcon.colcon_core.package_discovery:discover_packages(prefix_path) check parameters
[0.144s] Level 1:colcon.colcon_core.package_discovery:discover_packages(prefix_path) discover
[0.146s] DEBUG:colcon.colcon_installed_package_information.package_discovery:Found 317 installed packages in /opt/ros/jazzy
[0.147s] Level 1:colcon.colcon_core.package_discovery:discover_packages(prefix_path) using defaults
[0.167s] Level 5:colcon.colcon_core.verb:set package 'py_pubsub' build argument 'cmake_args' from command line to '['-DBUILD_TESTING=ON']'
[0.167s] Level 5:colcon.colcon_core.verb:set package 'py_pubsub' build argument 'cmake_target' from command line to 'None'
[0.167s] Level 5:colcon.colcon_core.verb:set package 'py_pubsub' build argument 'cmake_target_skip_unavailable' from command line to 'False'
[0.167s] Level 5:colcon.colcon_core.verb:set package 'py_pubsub' build argument 'cmake_clean_cache' from command line to 'False'
[0.167s] Level 5:colcon.colcon_core.verb:set package 'py_pubsub' build argument 'cmake_clean_first' from command line to 'False'
[0.167s] Level 5:colcon.colcon_core.verb:set package 'py_pubsub' build argument 'cmake_force_configure' from command line to 'False'
[0.168s] Level 5:colcon.colcon_core.verb:set package 'py_pubsub' build argument 'ament_cmake_args' from command line to 'None'
[0.168s] Level 5:colcon.colcon_core.verb:set package 'py_pubsub' build argument 'catkin_cmake_args' from command line to 'None'
[0.168s] Level 5:colcon.colcon_core.verb:set package 'py_pubsub' build argument 'catkin_skip_building_tests' from command line to 'False'
[0.168s] DEBUG:colcon.colcon_core.verb:Building package 'py_pubsub' with the following arguments: {'ament_cmake_args': None, 'build_base': '/home/atwalm/cs_classes/robotics/ros-lab-2/build/py_pubsub', 'catkin_cmake_args': None, 'catkin_skip_building_tests': False, 'cmake_args': ['-DBUILD_TESTING=ON'], 'cmake_clean_cache': False, 'cmake_clean_first': False, 'cmake_force_configure': False, 'cmake_target': None, 'cmake_target_skip_unavailable': False, 'install_base': '/home/atwalm/cs_classes/robotics/ros-lab-2/install/py_pubsub', 'merge_install': False, 'path': '/home/atwalm/cs_classes/robotics/ros-lab-2/src/py_pubsub', 'symlink_install': False, 'test_result_base': None}
[0.168s] Level 5:colcon.colcon_core.verb:set package 'ros_gz_app' build argument 'cmake_args' from command line to '['-DBUILD_TESTING=ON']'
[0.169s] Level 5:colcon.colcon_core.verb:set package 'ros_gz_app' build argument 'cmake_target' from command line to 'None'
[0.169s] Level 5:colcon.colcon_core.verb:set package 'ros_gz_app' build argument 'cmake_target_skip_unavailable' from command line to 'False'
[0.169s] Level 5:colcon.colcon_core.verb:set package 'ros_gz_app' build argument 'cmake_clean_cache' from command line to 'False'
[0.169s] Level 5:colcon.colcon_core.verb:set package 'ros_gz_app' build argument 'cmake_clean_first' from command line to 'False'
[0.170s] Level 5:colcon.colcon_core.verb:set package 'ros_gz_app' build argument 'cmake_force_configure' from command line to 'False'
[0.170s] Level 5:colcon.colcon_core.verb:set package 'ros_gz_app' build argument 'ament_cmake_args' from command line to 'None'
[0.170s] Level 5:colcon.colcon_core.verb:set package 'ros_gz_app' build argument 'catkin_cmake_args' from command line to 'None'
[0.170s] Level 5:colcon.colcon_core.verb:set package 'ros_gz_app' build argument 'catkin_skip_building_tests' from command line to 'False'
[0.170s] DEBUG:colcon.colcon_core.verb:Building package 'ros_gz_app' with the following arguments: {'ament_cmake_args': None, 'build_base': '/home/atwalm/cs_classes/robotics/ros-lab-2/build/ros_gz_app', 'catkin_cmake_args': None, 'catkin_skip_building_tests': False, 'cmake_args': ['-DBUILD_TESTING=ON'], 'cmake_clean_cache': False, 'cmake_clean_first': False, 'cmake_force_configure': False, 'cmake_target': None, 'cmake_target_skip_unavailable': False, 'install_base': '/home/atwalm/cs_classes/robotics/ros-lab-2/install/ros_gz_app', 'merge_install': False, 'path': '/home/atwalm/cs_classes/robotics/ros-lab-2/ros_gz_app', 'symlink_install': False, 'test_result_base': None}
[0.171s] Level 5:colcon.colcon_core.verb:set package 'ros_gz_description' build argument 'cmake_args' from command line to '['-DBUILD_TESTING=ON']'
[0.171s] Level 5:colcon.colcon_core.verb:set package 'ros_gz_description' build argument 'cmake_target' from command line to 'None'
[0.171s] Level 5:colcon.colcon_core.verb:set package 'ros_gz_description' build argument 'cmake_target_skip_unavailable' from command line to 'False'
[0.172s] Level 5:colcon.colcon_core.verb:set package 'ros_gz_description' build argument 'cmake_clean_cache' from command line to 'False'
[0.172s] Level 5:colcon.colcon_core.verb:set package 'ros_gz_description' build argument 'cmake_clean_first' from command line to 'False'
[0.172s] Level 5:colcon.colcon_core.verb:set package 'ros_gz_description' build argument 'cmake_force_configure' from command line to 'False'
[0.172s] Level 5:colcon.colcon_core.verb:set package 'ros_gz_description' build argument 'ament_cmake_args' from command line to 'None'
[0.172s] Level 5:colcon.colcon_core.verb:set package 'ros_gz_description' build argument 'catkin_cmake_args' from command line to 'None'
[0.172s] Level 5:colcon.colcon_core.verb:set package 'ros_gz_description' build argument 'catkin_skip_building_tests' from command line to 'False'
[0.173s] DEBUG:colcon.colcon_core.verb:Building package 'ros_gz_description' with the following arguments: {'ament_cmake_args': None, 'build_base': '/home/atwalm/cs_classes/robotics/ros-lab-2/build/ros_gz_description', 'catkin_cmake_args': None, 'catkin_skip_building_tests': False, 'cmake_args': ['-DBUILD_TESTING=ON'], 'cmake_clean_cache': False, 'cmake_clean_first': False, 'cmake_force_configure': False, 'cmake_target': None, 'cmake_target_skip_unavailable': False, 'install_base': '/home/atwalm/cs_classes/robotics/ros-lab-2/install/ros_gz_description', 'merge_install': False, 'path': '/home/atwalm/cs_classes/robotics/ros-lab-2/ros_gz_description', 'symlink_install': False, 'test_result_base': None}
[0.173s] Level 5:colcon.colcon_core.verb:set package 'ros_gz_gazebo' build argument 'cmake_args' from command line to '['-DBUILD_TESTING=ON']'
[0.174s] Level 5:colcon.colcon_core.verb:set package 'ros_gz_gazebo' build argument 'cmake_target' from command line to 'None'
[0.174s] Level 5:colcon.colcon_core.verb:set package 'ros_gz_gazebo' build argument 'cmake_target_skip_unavailable' from command line to 'False'
[0.174s] Level 5:colcon.colcon_core.verb:set package 'ros_gz_gazebo' build argument 'cmake_clean_cache' from command line to 'False'
[0.174s] Level 5:colcon.colcon_core.verb:set package 'ros_gz_gazebo' build argument 'cmake_clean_first' from command line to 'False'
[0.174s] Level 5:colcon.colcon_core.verb:set package 'ros_gz_gazebo' build argument 'cmake_force_configure' from command line to 'False'
[0.175s] Level 5:colcon.colcon_core.verb:set package 'ros_gz_gazebo' build argument 'ament_cmake_args' from command line to 'None'
[0.175s] Level 5:colcon.colcon_core.verb:set package 'ros_gz_gazebo' build argument 'catkin_cmake_args' from command line to 'None'
[0.175s] Level 5:colcon.colcon_core.verb:set package 'ros_gz_gazebo' build argument 'catkin_skip_building_tests' from command line to 'False'
[0.175s] DEBUG:colcon.colcon_core.verb:Building package 'ros_gz_gazebo' with the following arguments: {'ament_cmake_args': None, 'build_base': '/home/atwalm/cs_classes/robotics/ros-lab-2/build/ros_gz_gazebo', 'catkin_cmake_args': None, 'catkin_skip_building_tests': False, 'cmake_args': ['-DBUILD_TESTING=ON'], 'cmake_clean_cache': False, 'cmake_clean_first': False, 'cmake_force_configure': False, 'cmake_target': None, 'cmake_target_skip_unavailable': False, 'install_base': '/home/atwalm/cs_classes/robotics/ros-lab-2/install/ros_gz_gazebo', 'merge_install': False, 'path': '/home/atwalm/cs_classes/robotics/ros-lab-2/ros_gz_gazebo', 'symlink_install': False, 'test_result_base': None}
[0.175s] Level 5:colcon.colcon_core.verb:set package 'ros_gz_bringup' build argument 'cmake_args' from command line to '['-DBUILD_TESTING=ON']'
[0.176s] Level 5:colcon.colcon_core.verb:set package 'ros_gz_bringup' build argument 'cmake_target' from command line to 'None'
[0.176s] Level 5:colcon.colcon_core.verb:set package 'ros_gz_bringup' build argument 'cmake_target_skip_unavailable' from command line to 'False'
[0.176s] Level 5:colcon.colcon_core.verb:set package 'ros_gz_bringup' build argument 'cmake_clean_cache' from command line to 'False'
[0.176s] Level 5:colcon.colcon_core.verb:set package 'ros_gz_bringup' build argument 'cmake_clean_first' from command line to 'False'
[0.176s] Level 5:colcon.colcon_core.verb:set package 'ros_gz_bringup' build argument 'cmake_force_configure' from command line to 'False'
[0.177s] Level 5:colcon.colcon_core.verb:set package 'ros_gz_bringup' build argument 'ament_cmake_args' from command line to 'None'
[0.177s] Level 5:colcon.colcon_core.verb:set package 'ros_gz_bringup' build argument 'catkin_cmake_args' from command line to 'None'
[0.177s] Level 5:colcon.colcon_core.verb:set package 'ros_gz_bringup' build argument 'catkin_skip_building_tests' from command line to 'False'
[0.177s] DEBUG:colcon.colcon_core.verb:Building package 'ros_gz_bringup' with the following arguments: {'ament_cmake_args': None, 'build_base': '/home/atwalm/cs_classes/robotics/ros-lab-2/build/ros_gz_bringup', 'catkin_cmake_args': None, 'catkin_skip_building_tests': False, 'cmake_args': ['-DBUILD_TESTING=ON'], 'cmake_clean_cache': False, 'cmake_clean_first': False, 'cmake_force_configure': False, 'cmake_target': None, 'cmake_target_skip_unavailable': False, 'install_base': '/home/atwalm/cs_classes/robotics/ros-lab-2/install/ros_gz_bringup', 'merge_install': False, 'path': '/home/atwalm/cs_classes/robotics/ros-lab-2/ros_gz_bringup', 'symlink_install': False, 'test_result_base': None}
[0.177s] INFO:colcon.colcon_core.executor:Executing jobs using 'parallel' executor
[0.178s] DEBUG:colcon.colcon_parallel_executor.executor.parallel:run_until_complete
[0.178s] INFO:colcon.colcon_ros.task.ament_cmake.build:Building ROS package in '/home/atwalm/cs_classes/robotics/ros-lab-2/ros_gz_description' with build type 'ament_cmake'
[0.179s] INFO:colcon.colcon_cmake.task.cmake.build:Building CMake package in '/home/atwalm/cs_classes/robotics/ros-lab-2/ros_gz_description'
[0.181s] INFO:colcon.colcon_core.plugin_system:Skipping extension 'colcon_core.shell.bat': Not used on non-Windows systems
[0.181s] INFO:colcon.colcon_core.shell:Skip shell extension 'powershell' for command environment: Not usable outside of PowerShell
[0.182s] DEBUG:colcon.colcon_core.shell:Skip shell extension 'dsv' for command environment
[0.186s] INFO:colcon.colcon_ros.task.ament_python.build:Building ROS package in '/home/atwalm/cs_classes/robotics/ros-lab-2/src/py_pubsub' with build type 'ament_python'
[0.186s] Level 1:colcon.colcon_core.shell:create_environment_hook('py_pubsub', 'ament_prefix_path')
[0.186s] INFO:colcon.colcon_core.shell:Creating environment hook '/home/atwalm/cs_classes/robotics/ros-lab-2/install/py_pubsub/share/py_pubsub/hook/ament_prefix_path.ps1'
[0.188s] INFO:colcon.colcon_core.shell:Creating environment descriptor '/home/atwalm/cs_classes/robotics/ros-lab-2/install/py_pubsub/share/py_pubsub/hook/ament_prefix_path.dsv'
[0.190s] INFO:colcon.colcon_core.shell:Creating environment hook '/home/atwalm/cs_classes/robotics/ros-lab-2/install/py_pubsub/share/py_pubsub/hook/ament_prefix_path.sh'
[0.192s] INFO:colcon.colcon_core.shell:Skip shell extension 'powershell' for command environment: Not usable outside of PowerShell
[0.192s] DEBUG:colcon.colcon_core.shell:Skip shell extension 'dsv' for command environment
[0.197s] INFO:colcon.colcon_ros.task.ament_cmake.build:Building ROS package in '/home/atwalm/cs_classes/robotics/ros-lab-2/ros_gz_app' with build type 'ament_cmake'
[0.197s] INFO:colcon.colcon_cmake.task.cmake.build:Building CMake package in '/home/atwalm/cs_classes/robotics/ros-lab-2/ros_gz_app'
[0.198s] INFO:colcon.colcon_core.shell:Skip shell extension 'powershell' for command environment: Not usable outside of PowerShell
[0.198s] DEBUG:colcon.colcon_core.shell:Skip shell extension 'dsv' for command environment
[0.215s] DEBUG:colcon.colcon_core.event_handler.log_command:Invoking command in '/home/atwalm/cs_classes/robotics/ros-lab-2/build/ros_gz_description': CMAKE_PREFIX_PATH=${CMAKE_PREFIX_PATH}:/opt/ros/jazzy PS1=<ROS2-Jazzy>[\u@\h \W]$ /usr/bin/cmake --build /home/atwalm/cs_classes/robotics/ros-lab-2/build/ros_gz_description -- -j28 -l28
[0.333s] INFO:colcon.colcon_core.task.python.build:Building Python package in '/home/atwalm/cs_classes/robotics/ros-lab-2/src/py_pubsub'
[0.333s] INFO:colcon.colcon_core.shell:Skip shell extension 'powershell' for command environment: Not usable outside of PowerShell
[0.334s] DEBUG:colcon.colcon_core.shell:Skip shell extension 'dsv' for command environment
[0.340s] DEBUG:colcon.colcon_core.event_handler.log_command:Invoked command in '/home/atwalm/cs_classes/robotics/ros-lab-2/build/ros_gz_description' returned '0': CMAKE_PREFIX_PATH=${CMAKE_PREFIX_PATH}:/opt/ros/jazzy PS1=<ROS2-Jazzy>[\u@\h \W]$ /usr/bin/cmake --build /home/atwalm/cs_classes/robotics/ros-lab-2/build/ros_gz_description -- -j28 -l28
[0.348s] DEBUG:colcon.colcon_core.event_handler.log_command:Invoking command in '/home/atwalm/cs_classes/robotics/ros-lab-2/build/ros_gz_description': CMAKE_PREFIX_PATH=${CMAKE_PREFIX_PATH}:/opt/ros/jazzy PS1=<ROS2-Jazzy>[\u@\h \W]$ /usr/bin/cmake --install /home/atwalm/cs_classes/robotics/ros-lab-2/build/ros_gz_description
[0.359s] DEBUG:colcon.colcon_core.event_handler.log_command:Invoking command in '/home/atwalm/cs_classes/robotics/ros-lab-2/build/ros_gz_app': CMAKE_PREFIX_PATH=${CMAKE_PREFIX_PATH}:/opt/ros/jazzy PS1=<ROS2-Jazzy>[\u@\h \W]$ /usr/bin/cmake --build /home/atwalm/cs_classes/robotics/ros-lab-2/build/ros_gz_app -- -j28 -l28
[0.381s] Level 1:colcon.colcon_core.environment:create_environment_scripts_only(ros_gz_description)
[0.381s] DEBUG:colcon.colcon_core.event_handler.log_command:Invoked command in '/home/atwalm/cs_classes/robotics/ros-lab-2/build/ros_gz_description' returned '0': CMAKE_PREFIX_PATH=${CMAKE_PREFIX_PATH}:/opt/ros/jazzy PS1=<ROS2-Jazzy>[\u@\h \W]$ /usr/bin/cmake --install /home/atwalm/cs_classes/robotics/ros-lab-2/build/ros_gz_description
[0.383s] Level 1:colcon.colcon_core.environment:checking '/home/atwalm/cs_classes/robotics/ros-lab-2/install/ros_gz_description' for CMake module files
[0.384s] Level 1:colcon.colcon_core.environment:checking '/home/atwalm/cs_classes/robotics/ros-lab-2/install/ros_gz_description' for CMake config files
[0.385s] Level 1:colcon.colcon_core.shell:create_environment_hook('ros_gz_description', 'cmake_prefix_path')
[0.385s] INFO:colcon.colcon_core.shell:Creating environment hook '/home/atwalm/cs_classes/robotics/ros-lab-2/install/ros_gz_description/share/ros_gz_description/hook/cmake_prefix_path.ps1'
[0.388s] INFO:colcon.colcon_core.shell:Creating environment descriptor '/home/atwalm/cs_classes/robotics/ros-lab-2/install/ros_gz_description/share/ros_gz_description/hook/cmake_prefix_path.dsv'
[0.390s] INFO:colcon.colcon_core.shell:Creating environment hook '/home/atwalm/cs_classes/robotics/ros-lab-2/install/ros_gz_description/share/ros_gz_description/hook/cmake_prefix_path.sh'
[0.392s] Level 1:colcon.colcon_core.environment:checking '/home/atwalm/cs_classes/robotics/ros-lab-2/install/ros_gz_description/bin'
[0.392s] Level 1:colcon.colcon_core.environment:checking '/home/atwalm/cs_classes/robotics/ros-lab-2/install/ros_gz_description/lib/pkgconfig/ros_gz_description.pc'
[0.392s] Level 1:colcon.colcon_core.environment:checking '/home/atwalm/cs_classes/robotics/ros-lab-2/install/ros_gz_description/lib/python3.12/site-packages'
[0.393s] Level 1:colcon.colcon_core.environment:checking '/home/atwalm/cs_classes/robotics/ros-lab-2/install/ros_gz_description/bin'
[0.394s] INFO:colcon.colcon_core.shell:Creating package script '/home/atwalm/cs_classes/robotics/ros-lab-2/install/ros_gz_description/share/ros_gz_description/package.ps1'
[0.396s] INFO:colcon.colcon_core.shell:Creating package descriptor '/home/atwalm/cs_classes/robotics/ros-lab-2/install/ros_gz_description/share/ros_gz_description/package.dsv'
[0.398s] INFO:colcon.colcon_core.shell:Creating package script '/home/atwalm/cs_classes/robotics/ros-lab-2/install/ros_gz_description/share/ros_gz_description/package.sh'
[0.401s] INFO:colcon.colcon_core.shell:Creating package script '/home/atwalm/cs_classes/robotics/ros-lab-2/install/ros_gz_description/share/ros_gz_description/package.bash'
[0.403s] INFO:colcon.colcon_core.shell:Creating package script '/home/atwalm/cs_classes/robotics/ros-lab-2/install/ros_gz_description/share/ros_gz_description/package.zsh'
[0.404s] Level 1:colcon.colcon_core.environment:create_file_with_runtime_dependencies(/home/atwalm/cs_classes/robotics/ros-lab-2/install/ros_gz_description/share/colcon-core/packages/ros_gz_description)
[0.406s] Level 1:colcon.colcon_core.environment:create_environment_scripts_only(ros_gz_description)
[0.406s] Level 1:colcon.colcon_core.environment:checking '/home/atwalm/cs_classes/robotics/ros-lab-2/install/ros_gz_description' for CMake module files
[0.407s] Level 1:colcon.colcon_core.environment:checking '/home/atwalm/cs_classes/robotics/ros-lab-2/install/ros_gz_description' for CMake config files
[0.408s] Level 1:colcon.colcon_core.shell:create_environment_hook('ros_gz_description', 'cmake_prefix_path')
[0.408s] INFO:colcon.colcon_core.shell:Creating environment hook '/home/atwalm/cs_classes/robotics/ros-lab-2/install/ros_gz_description/share/ros_gz_description/hook/cmake_prefix_path.ps1'
[0.410s] INFO:colcon.colcon_core.shell:Creating environment descriptor '/home/atwalm/cs_classes/robotics/ros-lab-2/install/ros_gz_description/share/ros_gz_description/hook/cmake_prefix_path.dsv'
[0.412s] INFO:colcon.colcon_core.shell:Creating environment hook '/home/atwalm/cs_classes/robotics/ros-lab-2/install/ros_gz_description/share/ros_gz_description/hook/cmake_prefix_path.sh'
[0.414s] Level 1:colcon.colcon_core.environment:checking '/home/atwalm/cs_classes/robotics/ros-lab-2/install/ros_gz_description/bin'
[0.414s] Level 1:colcon.colcon_core.environment:checking '/home/atwalm/cs_classes/robotics/ros-lab-2/install/ros_gz_description/lib/pkgconfig/ros_gz_description.pc'
[0.415s] Level 1:colcon.colcon_core.environment:checking '/home/atwalm/cs_classes/robotics/ros-lab-2/install/ros_gz_description/lib/python3.12/site-packages'
[0.415s] Level 1:colcon.colcon_core.environment:checking '/home/atwalm/cs_classes/robotics/ros-lab-2/install/ros_gz_description/bin'
[0.416s] INFO:colcon.colcon_core.shell:Creating package script '/home/atwalm/cs_classes/robotics/ros-lab-2/install/ros_gz_description/share/ros_gz_description/package.ps1'
[0.419s] INFO:colcon.colcon_core.shell:Creating package descriptor '/home/atwalm/cs_classes/robotics/ros-lab-2/install/ros_gz_description/share/ros_gz_description/package.dsv'
[0.421s] INFO:colcon.colcon_core.shell:Creating package script '/home/atwalm/cs_classes/robotics/ros-lab-2/install/ros_gz_description/share/ros_gz_description/package.sh'
[0.423s] INFO:colcon.colcon_core.shell:Creating package script '/home/atwalm/cs_classes/robotics/ros-lab-2/install/ros_gz_description/share/ros_gz_description/package.bash'
[0.425s] INFO:colcon.colcon_core.shell:Creating package script '/home/atwalm/cs_classes/robotics/ros-lab-2/install/ros_gz_description/share/ros_gz_description/package.zsh'
[0.427s] Level 1:colcon.colcon_core.environment:create_file_with_runtime_dependencies(/home/atwalm/cs_classes/robotics/ros-lab-2/install/ros_gz_description/share/colcon-core/packages/ros_gz_description)
[0.428s] INFO:colcon.colcon_ros.task.ament_cmake.build:Building ROS package in '/home/atwalm/cs_classes/robotics/ros-lab-2/ros_gz_gazebo' with build type 'ament_cmake'
[0.428s] INFO:colcon.colcon_cmake.task.cmake.build:Building CMake package in '/home/atwalm/cs_classes/robotics/ros-lab-2/ros_gz_gazebo'
[0.428s] INFO:colcon.colcon_core.shell:Skip shell extension 'powershell' for command environment: Not usable outside of PowerShell
[0.428s] DEBUG:colcon.colcon_core.shell:Skip shell extension 'dsv' for command environment
[0.434s] DEBUG:colcon.colcon_core.event_handler.log_command:Invoked command in '/home/atwalm/cs_classes/robotics/ros-lab-2/build/ros_gz_app' returned '0': CMAKE_PREFIX_PATH=${CMAKE_PREFIX_PATH}:/opt/ros/jazzy PS1=<ROS2-Jazzy>[\u@\h \W]$ /usr/bin/cmake --build /home/atwalm/cs_classes/robotics/ros-lab-2/build/ros_gz_app -- -j28 -l28
[0.435s] DEBUG:colcon.colcon_core.event_handler.log_command:Invoking command in '/home/atwalm/cs_classes/robotics/ros-lab-2/build/ros_gz_app': CMAKE_PREFIX_PATH=${CMAKE_PREFIX_PATH}:/opt/ros/jazzy PS1=<ROS2-Jazzy>[\u@\h \W]$ /usr/bin/cmake --install /home/atwalm/cs_classes/robotics/ros-lab-2/build/ros_gz_app
[0.448s] DEBUG:colcon.colcon_core.event_handler.log_command:Invoking command in '/home/atwalm/cs_classes/robotics/ros-lab-2/build/ros_gz_gazebo': CMAKE_PREFIX_PATH=/home/atwalm/cs_classes/robotics/ros-lab-2/install/ros_gz_description:/opt/ros/jazzy/opt/gz_sim_vendor:/opt/ros/jazzy/opt/gz_sensors_vendor:/opt/ros/jazzy/opt/gz_physics_vendor:/opt/ros/jazzy/opt/sdformat_vendor:/opt/ros/jazzy/opt/gz_gui_vendor:/opt/ros/jazzy/opt/gz_transport_vendor:/opt/ros/jazzy/opt/gz_rendering_vendor:/opt/ros/jazzy/opt/gz_plugin_vendor:/opt/ros/jazzy/opt/gz_fuel_tools_vendor:/opt/ros/jazzy/opt/gz_msgs_vendor:/opt/ros/jazzy/opt/gz_common_vendor:/opt/ros/jazzy/opt/gz_math_vendor:/opt/ros/jazzy/opt/gz_utils_vendor:/opt/ros/jazzy/opt/gz_tools_vendor:/opt/ros/jazzy/opt/gz_ogre_next_vendor:/opt/ros/jazzy/opt/gz_dartsim_vendor:/opt/ros/jazzy/opt/gz_cmake_vendor:/opt/ros/jazzy PS1=<ROS2-Jazzy>[\u@\h \W]$ /usr/bin/cmake --build /home/atwalm/cs_classes/robotics/ros-lab-2/build/ros_gz_gazebo -- -j28 -l28
[0.460s] Level 1:colcon.colcon_core.environment:create_environment_scripts_only(ros_gz_app)
[0.460s] Level 1:colcon.colcon_core.environment:checking '/home/atwalm/cs_classes/robotics/ros-lab-2/install/ros_gz_app' for CMake module files
[0.460s] DEBUG:colcon.colcon_core.event_handler.log_command:Invoked command in '/home/atwalm/cs_classes/robotics/ros-lab-2/build/ros_gz_app' returned '0': CMAKE_PREFIX_PATH=${CMAKE_PREFIX_PATH}:/opt/ros/jazzy PS1=<ROS2-Jazzy>[\u@\h \W]$ /usr/bin/cmake --install /home/atwalm/cs_classes/robotics/ros-lab-2/build/ros_gz_app
[0.462s] Level 1:colcon.colcon_core.environment:checking '/home/atwalm/cs_classes/robotics/ros-lab-2/install/ros_gz_app' for CMake config files
[0.464s] Level 1:colcon.colcon_core.shell:create_environment_hook('ros_gz_app', 'cmake_prefix_path')
[0.465s] INFO:colcon.colcon_core.shell:Creating environment hook '/home/atwalm/cs_classes/robotics/ros-lab-2/install/ros_gz_app/share/ros_gz_app/hook/cmake_prefix_path.ps1'
[0.468s] INFO:colcon.colcon_core.shell:Creating environment descriptor '/home/atwalm/cs_classes/robotics/ros-lab-2/install/ros_gz_app/share/ros_gz_app/hook/cmake_prefix_path.dsv'
[0.470s] INFO:colcon.colcon_core.shell:Creating environment hook '/home/atwalm/cs_classes/robotics/ros-lab-2/install/ros_gz_app/share/ros_gz_app/hook/cmake_prefix_path.sh'
[0.472s] Level 1:colcon.colcon_core.environment:checking '/home/atwalm/cs_classes/robotics/ros-lab-2/install/ros_gz_app/bin'
[0.472s] Level 1:colcon.colcon_core.environment:checking '/home/atwalm/cs_classes/robotics/ros-lab-2/install/ros_gz_app/lib/pkgconfig/ros_gz_app.pc'
[0.473s] Level 1:colcon.colcon_core.environment:checking '/home/atwalm/cs_classes/robotics/ros-lab-2/install/ros_gz_app/lib/python3.12/site-packages'
[0.473s] Level 1:colcon.colcon_core.environment:checking '/home/atwalm/cs_classes/robotics/ros-lab-2/install/ros_gz_app/bin'
[0.474s] INFO:colcon.colcon_core.shell:Creating package script '/home/atwalm/cs_classes/robotics/ros-lab-2/install/ros_gz_app/share/ros_gz_app/package.ps1'
[0.475s] INFO:colcon.colcon_core.shell:Creating package descriptor '/home/atwalm/cs_classes/robotics/ros-lab-2/install/ros_gz_app/share/ros_gz_app/package.dsv'
[0.477s] INFO:colcon.colcon_core.shell:Creating package script '/home/atwalm/cs_classes/robotics/ros-lab-2/install/ros_gz_app/share/ros_gz_app/package.sh'
[0.479s] INFO:colcon.colcon_core.shell:Creating package script '/home/atwalm/cs_classes/robotics/ros-lab-2/install/ros_gz_app/share/ros_gz_app/package.bash'
[0.481s] INFO:colcon.colcon_core.shell:Creating package script '/home/atwalm/cs_classes/robotics/ros-lab-2/install/ros_gz_app/share/ros_gz_app/package.zsh'
[0.483s] Level 1:colcon.colcon_core.environment:create_file_with_runtime_dependencies(/home/atwalm/cs_classes/robotics/ros-lab-2/install/ros_gz_app/share/colcon-core/packages/ros_gz_app)
[0.484s] Level 1:colcon.colcon_core.environment:create_environment_scripts_only(ros_gz_app)
[0.484s] Level 1:colcon.colcon_core.environment:checking '/home/atwalm/cs_classes/robotics/ros-lab-2/install/ros_gz_app' for CMake module files
[0.485s] Level 1:colcon.colcon_core.environment:checking '/home/atwalm/cs_classes/robotics/ros-lab-2/install/ros_gz_app' for CMake config files
[0.488s] Level 1:colcon.colcon_core.shell:create_environment_hook('ros_gz_app', 'cmake_prefix_path')
[0.488s] INFO:colcon.colcon_core.shell:Creating environment hook '/home/atwalm/cs_classes/robotics/ros-lab-2/install/ros_gz_app/share/ros_gz_app/hook/cmake_prefix_path.ps1'
[0.490s] INFO:colcon.colcon_core.shell:Creating environment descriptor '/home/atwalm/cs_classes/robotics/ros-lab-2/install/ros_gz_app/share/ros_gz_app/hook/cmake_prefix_path.dsv'
[0.492s] INFO:colcon.colcon_core.shell:Creating environment hook '/home/atwalm/cs_classes/robotics/ros-lab-2/install/ros_gz_app/share/ros_gz_app/hook/cmake_prefix_path.sh'
[0.494s] Level 1:colcon.colcon_core.environment:checking '/home/atwalm/cs_classes/robotics/ros-lab-2/install/ros_gz_app/bin'
[0.494s] Level 1:colcon.colcon_core.environment:checking '/home/atwalm/cs_classes/robotics/ros-lab-2/install/ros_gz_app/lib/pkgconfig/ros_gz_app.pc'
[0.494s] Level 1:colcon.colcon_core.environment:checking '/home/atwalm/cs_classes/robotics/ros-lab-2/install/ros_gz_app/lib/python3.12/site-packages'
[0.494s] Level 1:colcon.colcon_core.environment:checking '/home/atwalm/cs_classes/robotics/ros-lab-2/install/ros_gz_app/bin'
[0.495s] INFO:colcon.colcon_core.shell:Creating package script '/home/atwalm/cs_classes/robotics/ros-lab-2/install/ros_gz_app/share/ros_gz_app/package.ps1'
[0.497s] INFO:colcon.colcon_core.shell:Creating package descriptor '/home/atwalm/cs_classes/robotics/ros-lab-2/install/ros_gz_app/share/ros_gz_app/package.dsv'
[0.502s] INFO:colcon.colcon_core.shell:Creating package script '/home/atwalm/cs_classes/robotics/ros-lab-2/install/ros_gz_app/share/ros_gz_app/package.sh'
[0.504s] INFO:colcon.colcon_core.shell:Creating package script '/home/atwalm/cs_classes/robotics/ros-lab-2/install/ros_gz_app/share/ros_gz_app/package.bash'
[0.506s] INFO:colcon.colcon_core.shell:Creating package script '/home/atwalm/cs_classes/robotics/ros-lab-2/install/ros_gz_app/share/ros_gz_app/package.zsh'
[0.508s] Level 1:colcon.colcon_core.environment:create_file_with_runtime_dependencies(/home/atwalm/cs_classes/robotics/ros-lab-2/install/ros_gz_app/share/colcon-core/packages/ros_gz_app)
[0.657s] DEBUG:colcon.colcon_core.event_handler.log_command:Invoking command in '/home/atwalm/cs_classes/robotics/ros-lab-2/src/py_pubsub': PS1=<ROS2-Jazzy>[\u@\h \W]$ PYTHONPATH=/home/atwalm/cs_classes/robotics/ros-lab-2/build/py_pubsub/prefix_override:/usr/lib/python3/dist-packages/colcon_core/task/python/colcon_distutils_commands:/home/atwalm/cs_classes/robotics/ros-lab-2/install/py_pubsub/lib/python3.12/site-packages:${PYTHONPATH} /usr/bin/python3 -W ignore:setup.py install is deprecated -W ignore:easy_install command is deprecated setup.py egg_info --egg-base ../../build/py_pubsub build --build-base /home/atwalm/cs_classes/robotics/ros-lab-2/build/py_pubsub/build install --record /home/atwalm/cs_classes/robotics/ros-lab-2/build/py_pubsub/install.log --single-version-externally-managed install_data
[0.991s] Level 1:colcon.colcon_core.environment:checking '/home/atwalm/cs_classes/robotics/ros-lab-2/install/py_pubsub' for CMake module files
[0.991s] DEBUG:colcon.colcon_core.event_handler.log_command:Invoked command in '/home/atwalm/cs_classes/robotics/ros-lab-2/src/py_pubsub' returned '0': PS1=<ROS2-Jazzy>[\u@\h \W]$ PYTHONPATH=/home/atwalm/cs_classes/robotics/ros-lab-2/build/py_pubsub/prefix_override:/usr/lib/python3/dist-packages/colcon_core/task/python/colcon_distutils_commands:/home/atwalm/cs_classes/robotics/ros-lab-2/install/py_pubsub/lib/python3.12/site-packages:${PYTHONPATH} /usr/bin/python3 -W ignore:setup.py install is deprecated -W ignore:easy_install command is deprecated setup.py egg_info --egg-base ../../build/py_pubsub build --build-base /home/atwalm/cs_classes/robotics/ros-lab-2/build/py_pubsub/build install --record /home/atwalm/cs_classes/robotics/ros-lab-2/build/py_pubsub/install.log --single-version-externally-managed install_data
[0.994s] Level 1:colcon.colcon_core.environment:checking '/home/atwalm/cs_classes/robotics/ros-lab-2/install/py_pubsub' for CMake config files
[0.998s] Level 1:colcon.colcon_core.environment:checking '/home/atwalm/cs_classes/robotics/ros-lab-2/install/py_pubsub/lib'
[0.998s] Level 1:colcon.colcon_core.environment:checking '/home/atwalm/cs_classes/robotics/ros-lab-2/install/py_pubsub/bin'
[0.999s] Level 1:colcon.colcon_core.shell:create_environment_hook('py_pubsub', 'path')
[0.999s] INFO:colcon.colcon_core.shell:Creating environment hook '/home/atwalm/cs_classes/robotics/ros-lab-2/install/py_pubsub/share/py_pubsub/hook/path.ps1'
[1.002s] INFO:colcon.colcon_core.shell:Creating environment descriptor '/home/atwalm/cs_classes/robotics/ros-lab-2/install/py_pubsub/share/py_pubsub/hook/path.dsv'
[1.004s] INFO:colcon.colcon_core.shell:Creating environment hook '/home/atwalm/cs_classes/robotics/ros-lab-2/install/py_pubsub/share/py_pubsub/hook/path.sh'
[1.006s] Level 1:colcon.colcon_core.environment:checking '/home/atwalm/cs_classes/robotics/ros-lab-2/install/py_pubsub/lib/pkgconfig/py_pubsub.pc'
[1.006s] Level 1:colcon.colcon_core.environment:checking '/home/atwalm/cs_classes/robotics/ros-lab-2/install/py_pubsub/lib/python3.12/site-packages'
[1.006s] Level 1:colcon.colcon_core.shell:create_environment_hook('py_pubsub', 'pythonpath')
[1.007s] INFO:colcon.colcon_core.shell:Creating environment hook '/home/atwalm/cs_classes/robotics/ros-lab-2/install/py_pubsub/share/py_pubsub/hook/pythonpath.ps1'
[1.009s] INFO:colcon.colcon_core.shell:Creating environment descriptor '/home/atwalm/cs_classes/robotics/ros-lab-2/install/py_pubsub/share/py_pubsub/hook/pythonpath.dsv'
[1.012s] INFO:colcon.colcon_core.shell:Creating environment hook '/home/atwalm/cs_classes/robotics/ros-lab-2/install/py_pubsub/share/py_pubsub/hook/pythonpath.sh'
[1.014s] Level 1:colcon.colcon_core.environment:checking '/home/atwalm/cs_classes/robotics/ros-lab-2/install/py_pubsub/bin'
[1.014s] Level 1:colcon.colcon_core.shell:create_environment_hook('py_pubsub', 'pythonscriptspath')
[1.015s] INFO:colcon.colcon_core.shell:Creating environment hook '/home/atwalm/cs_classes/robotics/ros-lab-2/install/py_pubsub/share/py_pubsub/hook/pythonscriptspath.ps1'
[1.017s] INFO:colcon.colcon_core.shell:Creating environment descriptor '/home/atwalm/cs_classes/robotics/ros-lab-2/install/py_pubsub/share/py_pubsub/hook/pythonscriptspath.dsv'
[1.019s] INFO:colcon.colcon_core.shell:Creating environment hook '/home/atwalm/cs_classes/robotics/ros-lab-2/install/py_pubsub/share/py_pubsub/hook/pythonscriptspath.sh'
[1.021s] Level 1:colcon.colcon_core.environment:create_environment_scripts_only(py_pubsub)
[1.021s] INFO:colcon.colcon_core.shell:Creating package script '/home/atwalm/cs_classes/robotics/ros-lab-2/install/py_pubsub/share/py_pubsub/package.ps1'
[1.024s] INFO:colcon.colcon_core.shell:Creating package descriptor '/home/atwalm/cs_classes/robotics/ros-lab-2/install/py_pubsub/share/py_pubsub/package.dsv'
[1.027s] INFO:colcon.colcon_core.shell:Creating package script '/home/atwalm/cs_classes/robotics/ros-lab-2/install/py_pubsub/share/py_pubsub/package.sh'
[1.029s] INFO:colcon.colcon_core.shell:Creating package script '/home/atwalm/cs_classes/robotics/ros-lab-2/install/py_pubsub/share/py_pubsub/package.bash'
[1.031s] INFO:colcon.colcon_core.shell:Creating package script '/home/atwalm/cs_classes/robotics/ros-lab-2/install/py_pubsub/share/py_pubsub/package.zsh'
[1.034s] Level 1:colcon.colcon_core.environment:create_file_with_runtime_dependencies(/home/atwalm/cs_classes/robotics/ros-lab-2/install/py_pubsub/share/colcon-core/packages/py_pubsub)
[1.937s] DEBUG:colcon.colcon_core.event_handler.log_command:Invoked command in '/home/atwalm/cs_classes/robotics/ros-lab-2/build/ros_gz_gazebo' returned '0': CMAKE_PREFIX_PATH=/home/atwalm/cs_classes/robotics/ros-lab-2/install/ros_gz_description:/opt/ros/jazzy/opt/gz_sim_vendor:/opt/ros/jazzy/opt/gz_sensors_vendor:/opt/ros/jazzy/opt/gz_physics_vendor:/opt/ros/jazzy/opt/sdformat_vendor:/opt/ros/jazzy/opt/gz_gui_vendor:/opt/ros/jazzy/opt/gz_transport_vendor:/opt/ros/jazzy/opt/gz_rendering_vendor:/opt/ros/jazzy/opt/gz_plugin_vendor:/opt/ros/jazzy/opt/gz_fuel_tools_vendor:/opt/ros/jazzy/opt/gz_msgs_vendor:/opt/ros/jazzy/opt/gz_common_vendor:/opt/ros/jazzy/opt/gz_math_vendor:/opt/ros/jazzy/opt/gz_utils_vendor:/opt/ros/jazzy/opt/gz_tools_vendor:/opt/ros/jazzy/opt/gz_ogre_next_vendor:/opt/ros/jazzy/opt/gz_dartsim_vendor:/opt/ros/jazzy/opt/gz_cmake_vendor:/opt/ros/jazzy PS1=<ROS2-Jazzy>[\u@\h \W]$ /usr/bin/cmake --build /home/atwalm/cs_classes/robotics/ros-lab-2/build/ros_gz_gazebo -- -j28 -l28
[1.941s] DEBUG:colcon.colcon_core.event_handler.log_command:Invoking command in '/home/atwalm/cs_classes/robotics/ros-lab-2/build/ros_gz_gazebo': CMAKE_PREFIX_PATH=/home/atwalm/cs_classes/robotics/ros-lab-2/install/ros_gz_description:/opt/ros/jazzy/opt/gz_sim_vendor:/opt/ros/jazzy/opt/gz_sensors_vendor:/opt/ros/jazzy/opt/gz_physics_vendor:/opt/ros/jazzy/opt/sdformat_vendor:/opt/ros/jazzy/opt/gz_gui_vendor:/opt/ros/jazzy/opt/gz_transport_vendor:/opt/ros/jazzy/opt/gz_rendering_vendor:/opt/ros/jazzy/opt/gz_plugin_vendor:/opt/ros/jazzy/opt/gz_fuel_tools_vendor:/opt/ros/jazzy/opt/gz_msgs_vendor:/opt/ros/jazzy/opt/gz_common_vendor:/opt/ros/jazzy/opt/gz_math_vendor:/opt/ros/jazzy/opt/gz_utils_vendor:/opt/ros/jazzy/opt/gz_tools_vendor:/opt/ros/jazzy/opt/gz_ogre_next_vendor:/opt/ros/jazzy/opt/gz_dartsim_vendor:/opt/ros/jazzy/opt/gz_cmake_vendor:/opt/ros/jazzy PS1=<ROS2-Jazzy>[\u@\h \W]$ /usr/bin/cmake --install /home/atwalm/cs_classes/robotics/ros-lab-2/build/ros_gz_gazebo
[2.182s] Level 1:colcon.colcon_core.environment:create_environment_scripts_only(ros_gz_gazebo)
[2.183s] Level 1:colcon.colcon_core.environment:checking '/home/atwalm/cs_classes/robotics/ros-lab-2/install/ros_gz_gazebo' for CMake module files
[2.183s] DEBUG:colcon.colcon_core.event_handler.log_command:Invoked command in '/home/atwalm/cs_classes/robotics/ros-lab-2/build/ros_gz_gazebo' returned '0': CMAKE_PREFIX_PATH=/home/atwalm/cs_classes/robotics/ros-lab-2/install/ros_gz_description:/opt/ros/jazzy/opt/gz_sim_vendor:/opt/ros/jazzy/opt/gz_sensors_vendor:/opt/ros/jazzy/opt/gz_physics_vendor:/opt/ros/jazzy/opt/sdformat_vendor:/opt/ros/jazzy/opt/gz_gui_vendor:/opt/ros/jazzy/opt/gz_transport_vendor:/opt/ros/jazzy/opt/gz_rendering_vendor:/opt/ros/jazzy/opt/gz_plugin_vendor:/opt/ros/jazzy/opt/gz_fuel_tools_vendor:/opt/ros/jazzy/opt/gz_msgs_vendor:/opt/ros/jazzy/opt/gz_common_vendor:/opt/ros/jazzy/opt/gz_math_vendor:/opt/ros/jazzy/opt/gz_utils_vendor:/opt/ros/jazzy/opt/gz_tools_vendor:/opt/ros/jazzy/opt/gz_ogre_next_vendor:/opt/ros/jazzy/opt/gz_dartsim_vendor:/opt/ros/jazzy/opt/gz_cmake_vendor:/opt/ros/jazzy PS1=<ROS2-Jazzy>[\u@\h \W]$ /usr/bin/cmake --install /home/atwalm/cs_classes/robotics/ros-lab-2/build/ros_gz_gazebo
[2.190s] Level 1:colcon.colcon_core.environment:checking '/home/atwalm/cs_classes/robotics/ros-lab-2/install/ros_gz_gazebo' for CMake config files
[2.193s] Level 1:colcon.colcon_core.shell:create_environment_hook('ros_gz_gazebo', 'cmake_prefix_path')
[2.194s] INFO:colcon.colcon_core.shell:Creating environment hook '/home/atwalm/cs_classes/robotics/ros-lab-2/install/ros_gz_gazebo/share/ros_gz_gazebo/hook/cmake_prefix_path.ps1'
[2.198s] INFO:colcon.colcon_core.shell:Creating environment descriptor '/home/atwalm/cs_classes/robotics/ros-lab-2/install/ros_gz_gazebo/share/ros_gz_gazebo/hook/cmake_prefix_path.dsv'
[2.201s] INFO:colcon.colcon_core.shell:Creating environment hook '/home/atwalm/cs_classes/robotics/ros-lab-2/install/ros_gz_gazebo/share/ros_gz_gazebo/hook/cmake_prefix_path.sh'
[2.206s] Level 1:colcon.colcon_core.environment:checking '/home/atwalm/cs_classes/robotics/ros-lab-2/install/ros_gz_gazebo/lib'
[2.207s] Level 1:colcon.colcon_core.environment:checking '/home/atwalm/cs_classes/robotics/ros-lab-2/install/ros_gz_gazebo/bin'
[2.207s] Level 1:colcon.colcon_core.environment:checking '/home/atwalm/cs_classes/robotics/ros-lab-2/install/ros_gz_gazebo/lib/pkgconfig/ros_gz_gazebo.pc'
[2.208s] Level 1:colcon.colcon_core.environment:checking '/home/atwalm/cs_classes/robotics/ros-lab-2/install/ros_gz_gazebo/lib/python3.12/site-packages'
[2.209s] Level 1:colcon.colcon_core.environment:checking '/home/atwalm/cs_classes/robotics/ros-lab-2/install/ros_gz_gazebo/bin'
[2.210s] INFO:colcon.colcon_core.shell:Creating package script '/home/atwalm/cs_classes/robotics/ros-lab-2/install/ros_gz_gazebo/share/ros_gz_gazebo/package.ps1'
[2.214s] INFO:colcon.colcon_core.shell:Creating package descriptor '/home/atwalm/cs_classes/robotics/ros-lab-2/install/ros_gz_gazebo/share/ros_gz_gazebo/package.dsv'
[2.217s] INFO:colcon.colcon_core.shell:Creating package script '/home/atwalm/cs_classes/robotics/ros-lab-2/install/ros_gz_gazebo/share/ros_gz_gazebo/package.sh'
[2.221s] INFO:colcon.colcon_core.shell:Creating package script '/home/atwalm/cs_classes/robotics/ros-lab-2/install/ros_gz_gazebo/share/ros_gz_gazebo/package.bash'
[2.224s] INFO:colcon.colcon_core.shell:Creating package script '/home/atwalm/cs_classes/robotics/ros-lab-2/install/ros_gz_gazebo/share/ros_gz_gazebo/package.zsh'
[2.227s] Level 1:colcon.colcon_core.environment:create_file_with_runtime_dependencies(/home/atwalm/cs_classes/robotics/ros-lab-2/install/ros_gz_gazebo/share/colcon-core/packages/ros_gz_gazebo)
[2.232s] Level 1:colcon.colcon_core.environment:create_environment_scripts_only(ros_gz_gazebo)
[2.233s] Level 1:colcon.colcon_core.environment:checking '/home/atwalm/cs_classes/robotics/ros-lab-2/install/ros_gz_gazebo' for CMake module files
[2.236s] Level 1:colcon.colcon_core.environment:checking '/home/atwalm/cs_classes/robotics/ros-lab-2/install/ros_gz_gazebo' for CMake config files
[2.239s] Level 1:colcon.colcon_core.shell:create_environment_hook('ros_gz_gazebo', 'cmake_prefix_path')
[2.240s] INFO:colcon.colcon_core.shell:Creating environment hook '/home/atwalm/cs_classes/robotics/ros-lab-2/install/ros_gz_gazebo/share/ros_gz_gazebo/hook/cmake_prefix_path.ps1'
[2.243s] INFO:colcon.colcon_core.shell:Creating environment descriptor '/home/atwalm/cs_classes/robotics/ros-lab-2/install/ros_gz_gazebo/share/ros_gz_gazebo/hook/cmake_prefix_path.dsv'
[2.246s] INFO:colcon.colcon_core.shell:Creating environment hook '/home/atwalm/cs_classes/robotics/ros-lab-2/install/ros_gz_gazebo/share/ros_gz_gazebo/hook/cmake_prefix_path.sh'
[2.249s] Level 1:colcon.colcon_core.environment:checking '/home/atwalm/cs_classes/robotics/ros-lab-2/install/ros_gz_gazebo/lib'
[2.250s] Level 1:colcon.colcon_core.environment:checking '/home/atwalm/cs_classes/robotics/ros-lab-2/install/ros_gz_gazebo/bin'
[2.250s] Level 1:colcon.colcon_core.environment:checking '/home/atwalm/cs_classes/robotics/ros-lab-2/install/ros_gz_gazebo/lib/pkgconfig/ros_gz_gazebo.pc'
[2.251s] Level 1:colcon.colcon_core.environment:checking '/home/atwalm/cs_classes/robotics/ros-lab-2/install/ros_gz_gazebo/lib/python3.12/site-packages'
[2.252s] Level 1:colcon.colcon_core.environment:checking '/home/atwalm/cs_classes/robotics/ros-lab-2/install/ros_gz_gazebo/bin'
[2.253s] INFO:colcon.colcon_core.shell:Creating package script '/home/atwalm/cs_classes/robotics/ros-lab-2/install/ros_gz_gazebo/share/ros_gz_gazebo/package.ps1'
[2.257s] INFO:colcon.colcon_core.shell:Creating package descriptor '/home/atwalm/cs_classes/robotics/ros-lab-2/install/ros_gz_gazebo/share/ros_gz_gazebo/package.dsv'
[2.260s] INFO:colcon.colcon_core.shell:Creating package script '/home/atwalm/cs_classes/robotics/ros-lab-2/install/ros_gz_gazebo/share/ros_gz_gazebo/package.sh'
[2.263s] INFO:colcon.colcon_core.shell:Creating package script '/home/atwalm/cs_classes/robotics/ros-lab-2/install/ros_gz_gazebo/share/ros_gz_gazebo/package.bash'
[2.266s] INFO:colcon.colcon_core.shell:Creating package script '/home/atwalm/cs_classes/robotics/ros-lab-2/install/ros_gz_gazebo/share/ros_gz_gazebo/package.zsh'
[2.269s] Level 1:colcon.colcon_core.environment:create_file_with_runtime_dependencies(/home/atwalm/cs_classes/robotics/ros-lab-2/install/ros_gz_gazebo/share/colcon-core/packages/ros_gz_gazebo)
[2.272s] INFO:colcon.colcon_ros.task.ament_cmake.build:Building ROS package in '/home/atwalm/cs_classes/robotics/ros-lab-2/ros_gz_bringup' with build type 'ament_cmake'
[2.272s] INFO:colcon.colcon_cmake.task.cmake.build:Building CMake package in '/home/atwalm/cs_classes/robotics/ros-lab-2/ros_gz_bringup'
[2.273s] INFO:colcon.colcon_core.shell:Skip shell extension 'powershell' for command environment: Not usable outside of PowerShell
[2.273s] DEBUG:colcon.colcon_core.shell:Skip shell extension 'dsv' for command environment
[2.322s] DEBUG:colcon.colcon_core.event_handler.log_command:Invoking command in '/home/atwalm/cs_classes/robotics/ros-lab-2/build/ros_gz_bringup': AMENT_PREFIX_PATH=/home/atwalm/cs_classes/robotics/ros-lab-2/install/ros_gz_gazebo:${AMENT_PREFIX_PATH} CMAKE_PREFIX_PATH=/home/atwalm/cs_classes/robotics/ros-lab-2/install/ros_gz_gazebo:/home/atwalm/cs_classes/robotics/ros-lab-2/install/ros_gz_description:/opt/ros/jazzy/opt/gz_sim_vendor:/opt/ros/jazzy/opt/gz_sensors_vendor:/opt/ros/jazzy/opt/gz_physics_vendor:/opt/ros/jazzy/opt/sdformat_vendor:/opt/ros/jazzy/opt/gz_gui_vendor:/opt/ros/jazzy/opt/gz_transport_vendor:/opt/ros/jazzy/opt/gz_rendering_vendor:/opt/ros/jazzy/opt/gz_plugin_vendor:/opt/ros/jazzy/opt/gz_fuel_tools_vendor:/opt/ros/jazzy/opt/gz_msgs_vendor:/opt/ros/jazzy/opt/gz_common_vendor:/opt/ros/jazzy/opt/gz_math_vendor:/opt/ros/jazzy/opt/gz_utils_vendor:/opt/ros/jazzy/opt/gz_tools_vendor:/opt/ros/jazzy/opt/gz_ogre_next_vendor:/opt/ros/jazzy/opt/gz_dartsim_vendor:/opt/ros/jazzy/opt/gz_cmake_vendor:/opt/ros/jazzy GZ_SIM_PLUGIN_PATH=/home/atwalm/cs_classes/robotics/ros-lab-2/install/ros_gz_gazebo/lib/ros_gz_gazebo GZ_SIM_RESOURCE_PATH=/home/atwalm/cs_classes/robotics/ros-lab-2/install/ros_gz_gazebo/share/ros_gz_gazebo/worlds PS1=<ROS2-Jazzy>[\u@\h \W]$ /usr/bin/cmake /home/atwalm/cs_classes/robotics/ros-lab-2/ros_gz_bringup -DBUILD_TESTING=ON -DCMAKE_INSTALL_PREFIX=/home/atwalm/cs_classes/robotics/ros-lab-2/install/ros_gz_bringup
[4.580s] DEBUG:colcon.colcon_core.event_handler.log_command:Invoked command in '/home/atwalm/cs_classes/robotics/ros-lab-2/build/ros_gz_bringup' returned '0': AMENT_PREFIX_PATH=/home/atwalm/cs_classes/robotics/ros-lab-2/install/ros_gz_gazebo:${AMENT_PREFIX_PATH} CMAKE_PREFIX_PATH=/home/atwalm/cs_classes/robotics/ros-lab-2/install/ros_gz_gazebo:/home/atwalm/cs_classes/robotics/ros-lab-2/install/ros_gz_description:/opt/ros/jazzy/opt/gz_sim_vendor:/opt/ros/jazzy/opt/gz_sensors_vendor:/opt/ros/jazzy/opt/gz_physics_vendor:/opt/ros/jazzy/opt/sdformat_vendor:/opt/ros/jazzy/opt/gz_gui_vendor:/opt/ros/jazzy/opt/gz_transport_vendor:/opt/ros/jazzy/opt/gz_rendering_vendor:/opt/ros/jazzy/opt/gz_plugin_vendor:/opt/ros/jazzy/opt/gz_fuel_tools_vendor:/opt/ros/jazzy/opt/gz_msgs_vendor:/opt/ros/jazzy/opt/gz_common_vendor:/opt/ros/jazzy/opt/gz_math_vendor:/opt/ros/jazzy/opt/gz_utils_vendor:/opt/ros/jazzy/opt/gz_tools_vendor:/opt/ros/jazzy/opt/gz_ogre_next_vendor:/opt/ros/jazzy/opt/gz_dartsim_vendor:/opt/ros/jazzy/opt/gz_cmake_vendor:/opt/ros/jazzy GZ_SIM_PLUGIN_PATH=/home/atwalm/cs_classes/robotics/ros-lab-2/install/ros_gz_gazebo/lib/ros_gz_gazebo GZ_SIM_RESOURCE_PATH=/home/atwalm/cs_classes/robotics/ros-lab-2/install/ros_gz_gazebo/share/ros_gz_gazebo/worlds PS1=<ROS2-Jazzy>[\u@\h \W]$ /usr/bin/cmake /home/atwalm/cs_classes/robotics/ros-lab-2/ros_gz_bringup -DBUILD_TESTING=ON -DCMAKE_INSTALL_PREFIX=/home/atwalm/cs_classes/robotics/ros-lab-2/install/ros_gz_bringup
[4.583s] DEBUG:colcon.colcon_core.event_handler.log_command:Invoking command in '/home/atwalm/cs_classes/robotics/ros-lab-2/build/ros_gz_bringup': AMENT_PREFIX_PATH=/home/atwalm/cs_classes/robotics/ros-lab-2/install/ros_gz_gazebo:${AMENT_PREFIX_PATH} CMAKE_PREFIX_PATH=/home/atwalm/cs_classes/robotics/ros-lab-2/install/ros_gz_gazebo:/home/atwalm/cs_classes/robotics/ros-lab-2/install/ros_gz_description:/opt/ros/jazzy/opt/gz_sim_vendor:/opt/ros/jazzy/opt/gz_sensors_vendor:/opt/ros/jazzy/opt/gz_physics_vendor:/opt/ros/jazzy/opt/sdformat_vendor:/opt/ros/jazzy/opt/gz_gui_vendor:/opt/ros/jazzy/opt/gz_transport_vendor:/opt/ros/jazzy/opt/gz_rendering_vendor:/opt/ros/jazzy/opt/gz_plugin_vendor:/opt/ros/jazzy/opt/gz_fuel_tools_vendor:/opt/ros/jazzy/opt/gz_msgs_vendor:/opt/ros/jazzy/opt/gz_common_vendor:/opt/ros/jazzy/opt/gz_math_vendor:/opt/ros/jazzy/opt/gz_utils_vendor:/opt/ros/jazzy/opt/gz_tools_vendor:/opt/ros/jazzy/opt/gz_ogre_next_vendor:/opt/ros/jazzy/opt/gz_dartsim_vendor:/opt/ros/jazzy/opt/gz_cmake_vendor:/opt/ros/jazzy GZ_SIM_PLUGIN_PATH=/home/atwalm/cs_classes/robotics/ros-lab-2/install/ros_gz_gazebo/lib/ros_gz_gazebo GZ_SIM_RESOURCE_PATH=/home/atwalm/cs_classes/robotics/ros-lab-2/install/ros_gz_gazebo/share/ros_gz_gazebo/worlds PS1=<ROS2-Jazzy>[\u@\h \W]$ /usr/bin/cmake --build /home/atwalm/cs_classes/robotics/ros-lab-2/build/ros_gz_bringup -- -j28 -l28
[4.684s] DEBUG:colcon.colcon_core.event_handler.log_command:Invoked command in '/home/atwalm/cs_classes/robotics/ros-lab-2/build/ros_gz_bringup' returned '0': AMENT_PREFIX_PATH=/home/atwalm/cs_classes/robotics/ros-lab-2/install/ros_gz_gazebo:${AMENT_PREFIX_PATH} CMAKE_PREFIX_PATH=/home/atwalm/cs_classes/robotics/ros-lab-2/install/ros_gz_gazebo:/home/atwalm/cs_classes/robotics/ros-lab-2/install/ros_gz_description:/opt/ros/jazzy/opt/gz_sim_vendor:/opt/ros/jazzy/opt/gz_sensors_vendor:/opt/ros/jazzy/opt/gz_physics_vendor:/opt/ros/jazzy/opt/sdformat_vendor:/opt/ros/jazzy/opt/gz_gui_vendor:/opt/ros/jazzy/opt/gz_transport_vendor:/opt/ros/jazzy/opt/gz_rendering_vendor:/opt/ros/jazzy/opt/gz_plugin_vendor:/opt/ros/jazzy/opt/gz_fuel_tools_vendor:/opt/ros/jazzy/opt/gz_msgs_vendor:/opt/ros/jazzy/opt/gz_common_vendor:/opt/ros/jazzy/opt/gz_math_vendor:/opt/ros/jazzy/opt/gz_utils_vendor:/opt/ros/jazzy/opt/gz_tools_vendor:/opt/ros/jazzy/opt/gz_ogre_next_vendor:/opt/ros/jazzy/opt/gz_dartsim_vendor:/opt/ros/jazzy/opt/gz_cmake_vendor:/opt/ros/jazzy GZ_SIM_PLUGIN_PATH=/home/atwalm/cs_classes/robotics/ros-lab-2/install/ros_gz_gazebo/lib/ros_gz_gazebo GZ_SIM_RESOURCE_PATH=/home/atwalm/cs_classes/robotics/ros-lab-2/install/ros_gz_gazebo/share/ros_gz_gazebo/worlds PS1=<ROS2-Jazzy>[\u@\h \W]$ /usr/bin/cmake --build /home/atwalm/cs_classes/robotics/ros-lab-2/build/ros_gz_bringup -- -j28 -l28
[4.689s] DEBUG:colcon.colcon_core.event_handler.log_command:Invoking command in '/home/atwalm/cs_classes/robotics/ros-lab-2/build/ros_gz_bringup': AMENT_PREFIX_PATH=/home/atwalm/cs_classes/robotics/ros-lab-2/install/ros_gz_gazebo:${AMENT_PREFIX_PATH} CMAKE_PREFIX_PATH=/home/atwalm/cs_classes/robotics/ros-lab-2/install/ros_gz_gazebo:/home/atwalm/cs_classes/robotics/ros-lab-2/install/ros_gz_description:/opt/ros/jazzy/opt/gz_sim_vendor:/opt/ros/jazzy/opt/gz_sensors_vendor:/opt/ros/jazzy/opt/gz_physics_vendor:/opt/ros/jazzy/opt/sdformat_vendor:/opt/ros/jazzy/opt/gz_gui_vendor:/opt/ros/jazzy/opt/gz_transport_vendor:/opt/ros/jazzy/opt/gz_rendering_vendor:/opt/ros/jazzy/opt/gz_plugin_vendor:/opt/ros/jazzy/opt/gz_fuel_tools_vendor:/opt/ros/jazzy/opt/gz_msgs_vendor:/opt/ros/jazzy/opt/gz_common_vendor:/opt/ros/jazzy/opt/gz_math_vendor:/opt/ros/jazzy/opt/gz_utils_vendor:/opt/ros/jazzy/opt/gz_tools_vendor:/opt/ros/jazzy/opt/gz_ogre_next_vendor:/opt/ros/jazzy/opt/gz_dartsim_vendor:/opt/ros/jazzy/opt/gz_cmake_vendor:/opt/ros/jazzy GZ_SIM_PLUGIN_PATH=/home/atwalm/cs_classes/robotics/ros-lab-2/install/ros_gz_gazebo/lib/ros_gz_gazebo GZ_SIM_RESOURCE_PATH=/home/atwalm/cs_classes/robotics/ros-lab-2/install/ros_gz_gazebo/share/ros_gz_gazebo/worlds PS1=<ROS2-Jazzy>[\u@\h \W]$ /usr/bin/cmake --install /home/atwalm/cs_classes/robotics/ros-lab-2/build/ros_gz_bringup
[4.878s] Level 1:colcon.colcon_core.environment:create_environment_scripts_only(ros_gz_bringup)
[4.878s] DEBUG:colcon.colcon_core.event_handler.log_command:Invoked command in '/home/atwalm/cs_classes/robotics/ros-lab-2/build/ros_gz_bringup' returned '0': AMENT_PREFIX_PATH=/home/atwalm/cs_classes/robotics/ros-lab-2/install/ros_gz_gazebo:${AMENT_PREFIX_PATH} CMAKE_PREFIX_PATH=/home/atwalm/cs_classes/robotics/ros-lab-2/install/ros_gz_gazebo:/home/atwalm/cs_classes/robotics/ros-lab-2/install/ros_gz_description:/opt/ros/jazzy/opt/gz_sim_vendor:/opt/ros/jazzy/opt/gz_sensors_vendor:/opt/ros/jazzy/opt/gz_physics_vendor:/opt/ros/jazzy/opt/sdformat_vendor:/opt/ros/jazzy/opt/gz_gui_vendor:/opt/ros/jazzy/opt/gz_transport_vendor:/opt/ros/jazzy/opt/gz_rendering_vendor:/opt/ros/jazzy/opt/gz_plugin_vendor:/opt/ros/jazzy/opt/gz_fuel_tools_vendor:/opt/ros/jazzy/opt/gz_msgs_vendor:/opt/ros/jazzy/opt/gz_common_vendor:/opt/ros/jazzy/opt/gz_math_vendor:/opt/ros/jazzy/opt/gz_utils_vendor:/opt/ros/jazzy/opt/gz_tools_vendor:/opt/ros/jazzy/opt/gz_ogre_next_vendor:/opt/ros/jazzy/opt/gz_dartsim_vendor:/opt/ros/jazzy/opt/gz_cmake_vendor:/opt/ros/jazzy GZ_SIM_PLUGIN_PATH=/home/atwalm/cs_classes/robotics/ros-lab-2/install/ros_gz_gazebo/lib/ros_gz_gazebo GZ_SIM_RESOURCE_PATH=/home/atwalm/cs_classes/robotics/ros-lab-2/install/ros_gz_gazebo/share/ros_gz_gazebo/worlds PS1=<ROS2-Jazzy>[\u@\h \W]$ /usr/bin/cmake --install /home/atwalm/cs_classes/robotics/ros-lab-2/build/ros_gz_bringup
[4.879s] Level 1:colcon.colcon_core.environment:checking '/home/atwalm/cs_classes/robotics/ros-lab-2/install/ros_gz_bringup' for CMake module files
[4.885s] Level 1:colcon.colcon_core.environment:checking '/home/atwalm/cs_classes/robotics/ros-lab-2/install/ros_gz_bringup' for CMake config files
[4.891s] Level 1:colcon.colcon_core.shell:create_environment_hook('ros_gz_bringup', 'cmake_prefix_path')
[4.892s] INFO:colcon.colcon_core.shell:Creating environment hook '/home/atwalm/cs_classes/robotics/ros-lab-2/install/ros_gz_bringup/share/ros_gz_bringup/hook/cmake_prefix_path.ps1'
[4.897s] INFO:colcon.colcon_core.shell:Creating environment descriptor '/home/atwalm/cs_classes/robotics/ros-lab-2/install/ros_gz_bringup/share/ros_gz_bringup/hook/cmake_prefix_path.dsv'
[4.900s] INFO:colcon.colcon_core.shell:Creating environment hook '/home/atwalm/cs_classes/robotics/ros-lab-2/install/ros_gz_bringup/share/ros_gz_bringup/hook/cmake_prefix_path.sh'
[4.904s] Level 1:colcon.colcon_core.environment:checking '/home/atwalm/cs_classes/robotics/ros-lab-2/install/ros_gz_bringup/bin'
[4.904s] Level 1:colcon.colcon_core.environment:checking '/home/atwalm/cs_classes/robotics/ros-lab-2/install/ros_gz_bringup/lib/pkgconfig/ros_gz_bringup.pc'
[4.905s] Level 1:colcon.colcon_core.environment:checking '/home/atwalm/cs_classes/robotics/ros-lab-2/install/ros_gz_bringup/lib/python3.12/site-packages'
[4.906s] Level 1:colcon.colcon_core.environment:checking '/home/atwalm/cs_classes/robotics/ros-lab-2/install/ros_gz_bringup/bin'
[4.907s] INFO:colcon.colcon_core.shell:Creating package script '/home/atwalm/cs_classes/robotics/ros-lab-2/install/ros_gz_bringup/share/ros_gz_bringup/package.ps1'
[4.911s] INFO:colcon.colcon_core.shell:Creating package descriptor '/home/atwalm/cs_classes/robotics/ros-lab-2/install/ros_gz_bringup/share/ros_gz_bringup/package.dsv'
[4.914s] INFO:colcon.colcon_core.shell:Creating package script '/home/atwalm/cs_classes/robotics/ros-lab-2/install/ros_gz_bringup/share/ros_gz_bringup/package.sh'
[4.917s] INFO:colcon.colcon_core.shell:Creating package script '/home/atwalm/cs_classes/robotics/ros-lab-2/install/ros_gz_bringup/share/ros_gz_bringup/package.bash'
[4.920s] INFO:colcon.colcon_core.shell:Creating package script '/home/atwalm/cs_classes/robotics/ros-lab-2/install/ros_gz_bringup/share/ros_gz_bringup/package.zsh'
[4.923s] Level 1:colcon.colcon_core.environment:create_file_with_runtime_dependencies(/home/atwalm/cs_classes/robotics/ros-lab-2/install/ros_gz_bringup/share/colcon-core/packages/ros_gz_bringup)
[4.929s] Level 1:colcon.colcon_core.environment:create_environment_scripts_only(ros_gz_bringup)
[4.929s] Level 1:colcon.colcon_core.environment:checking '/home/atwalm/cs_classes/robotics/ros-lab-2/install/ros_gz_bringup' for CMake module files
[4.932s] Level 1:colcon.colcon_core.environment:checking '/home/atwalm/cs_classes/robotics/ros-lab-2/install/ros_gz_bringup' for CMake config files
[4.937s] Level 1:colcon.colcon_core.shell:create_environment_hook('ros_gz_bringup', 'cmake_prefix_path')
[4.938s] INFO:colcon.colcon_core.shell:Creating environment hook '/home/atwalm/cs_classes/robotics/ros-lab-2/install/ros_gz_bringup/share/ros_gz_bringup/hook/cmake_prefix_path.ps1'
[4.941s] INFO:colcon.colcon_core.shell:Creating environment descriptor '/home/atwalm/cs_classes/robotics/ros-lab-2/install/ros_gz_bringup/share/ros_gz_bringup/hook/cmake_prefix_path.dsv'
[4.944s] INFO:colcon.colcon_core.shell:Creating environment hook '/home/atwalm/cs_classes/robotics/ros-lab-2/install/ros_gz_bringup/share/ros_gz_bringup/hook/cmake_prefix_path.sh'
[4.947s] Level 1:colcon.colcon_core.environment:checking '/home/atwalm/cs_classes/robotics/ros-lab-2/install/ros_gz_bringup/bin'
[4.947s] Level 1:colcon.colcon_core.environment:checking '/home/atwalm/cs_classes/robotics/ros-lab-2/install/ros_gz_bringup/lib/pkgconfig/ros_gz_bringup.pc'
[4.948s] Level 1:colcon.colcon_core.environment:checking '/home/atwalm/cs_classes/robotics/ros-lab-2/install/ros_gz_bringup/lib/python3.12/site-packages'
[4.948s] Level 1:colcon.colcon_core.environment:checking '/home/atwalm/cs_classes/robotics/ros-lab-2/install/ros_gz_bringup/bin'
[4.949s] INFO:colcon.colcon_core.shell:Creating package script '/home/atwalm/cs_classes/robotics/ros-lab-2/install/ros_gz_bringup/share/ros_gz_bringup/package.ps1'
[4.953s] INFO:colcon.colcon_core.shell:Creating package descriptor '/home/atwalm/cs_classes/robotics/ros-lab-2/install/ros_gz_bringup/share/ros_gz_bringup/package.dsv'
[4.956s] INFO:colcon.colcon_core.shell:Creating package script '/home/atwalm/cs_classes/robotics/ros-lab-2/install/ros_gz_bringup/share/ros_gz_bringup/package.sh'
[4.959s] INFO:colcon.colcon_core.shell:Creating package script '/home/atwalm/cs_classes/robotics/ros-lab-2/install/ros_gz_bringup/share/ros_gz_bringup/package.bash'
[4.961s] INFO:colcon.colcon_core.shell:Creating package script '/home/atwalm/cs_classes/robotics/ros-lab-2/install/ros_gz_bringup/share/ros_gz_bringup/package.zsh'
[4.964s] Level 1:colcon.colcon_core.environment:create_file_with_runtime_dependencies(/home/atwalm/cs_classes/robotics/ros-lab-2/install/ros_gz_bringup/share/colcon-core/packages/ros_gz_bringup)
[4.967s] DEBUG:colcon.colcon_parallel_executor.executor.parallel:closing loop
[4.967s] DEBUG:colcon.colcon_parallel_executor.executor.parallel:loop closed
[4.968s] DEBUG:colcon.colcon_parallel_executor.executor.parallel:run_until_complete finished with '0'
[4.968s] DEBUG:colcon.colcon_core.event_reactor:joining thread
[4.987s] INFO:colcon.colcon_core.plugin_system:Skipping extension 'colcon_notification.desktop_notification.notify_send': Could not find 'notify-send'
[4.987s] INFO:colcon.colcon_core.plugin_system:Skipping extension 'colcon_notification.desktop_notification.terminal_notifier': Not used on non-Darwin systems
[4.988s] INFO:colcon.colcon_core.plugin_system:Skipping extension 'colcon_notification.desktop_notification.win32': Not used on non-Windows systems
[4.989s] INFO:colcon.colcon_notification.desktop_notification:Sending desktop notification using 'notify2'
[4.990s] DEBUG:colcon.colcon_notification.desktop_notification.notify2:Failed to initialize notify2: org.freedesktop.DBus.Error.ServiceUnknown: The name is not activatable
[4.990s] DEBUG:colcon.colcon_core.event_reactor:joined thread
[4.991s] INFO:colcon.colcon_core.shell:Creating prefix script '/home/atwalm/cs_classes/robotics/ros-lab-2/install/local_setup.ps1'
[4.995s] INFO:colcon.colcon_core.shell:Creating prefix util module '/home/atwalm/cs_classes/robotics/ros-lab-2/install/_local_setup_util_ps1.py'
[5.000s] INFO:colcon.colcon_core.shell:Creating prefix chain script '/home/atwalm/cs_classes/robotics/ros-lab-2/install/setup.ps1'
[5.005s] INFO:colcon.colcon_core.shell:Creating prefix script '/home/atwalm/cs_classes/robotics/ros-lab-2/install/local_setup.sh'
[5.009s] INFO:colcon.colcon_core.shell:Creating prefix util module '/home/atwalm/cs_classes/robotics/ros-lab-2/install/_local_setup_util_sh.py'
[5.013s] INFO:colcon.colcon_core.shell:Creating prefix chain script '/home/atwalm/cs_classes/robotics/ros-lab-2/install/setup.sh'
[5.017s] INFO:colcon.colcon_core.shell:Creating prefix script '/home/atwalm/cs_classes/robotics/ros-lab-2/install/local_setup.bash'
[5.020s] INFO:colcon.colcon_core.shell:Creating prefix chain script '/home/atwalm/cs_classes/robotics/ros-lab-2/install/setup.bash'
[5.025s] INFO:colcon.colcon_core.shell:Creating prefix script '/home/atwalm/cs_classes/robotics/ros-lab-2/install/local_setup.zsh'
[5.028s] INFO:colcon.colcon_core.shell:Creating prefix chain script '/home/atwalm/cs_classes/robotics/ros-lab-2/install/setup.zsh'
