[ 50%] [32mBuilding CXX object CMakeFiles/FullSystem.dir/src/FullSystem.cc.o[0m
[ 50%] [32mBuilding CXX object CMakeFiles/BasicSystem.dir/src/BasicSystem.cc.o[0m
[ 75%] [32m[1mLinking CXX shared library libBasicSystem.so[0m
[100%] [32m[1mLinking CXX shared library libFullSystem.so[0m
[100%] Built target BasicSystem
[100%] Built target FullSystem
-- Install configuration: ""
-- Installing: /home/atwalm/cs_classes/robotics/ros-lab-2/install/ros_gz_gazebo/lib/ros_gz_gazebo/libBasicSystem.so
-- Set non-toolchain portion of runtime path of "/home/atwalm/cs_classes/robotics/ros-lab-2/install/ros_gz_gazebo/lib/ros_gz_gazebo/libBasicSystem.so" to ""
-- Installing: /home/atwalm/cs_classes/robotics/ros-lab-2/install/ros_gz_gazebo/lib/ros_gz_gazebo/libFullSystem.so
-- Set non-toolchain portion of runtime path of "/home/atwalm/cs_classes/robotics/ros-lab-2/install/ros_gz_gazebo/lib/ros_gz_gazebo/libFullSystem.so" to ""
-- Installing: /home/atwalm/cs_classes/robotics/ros-lab-2/install/ros_gz_gazebo/share/ros_gz_gazebo/worlds
-- Installing: /home/atwalm/cs_classes/robotics/ros-lab-2/install/ros_gz_gazebo/share/ros_gz_gazebo/worlds/diff_drive.sdf
-- Installing: /home/atwalm/cs_classes/robotics/ros-lab-2/install/ros_gz_gazebo/share/ros_gz_gazebo/worlds/maze.sdf
-- Installing: /home/atwalm/cs_classes/robotics/ros-lab-2/install/ros_gz_gazebo/share/ros_gz_gazebo/environment/ros_gz_gazebo.dsv
-- Installing: /home/atwalm/cs_classes/robotics/ros-lab-2/install/ros_gz_gazebo/share/ros_gz_gazebo/environment/ros_gz_gazebo.sh
-- Installing: /home/atwalm/cs_classes/robotics/ros-lab-2/install/ros_gz_gazebo/share/ament_index/resource_index/package_run_dependencies/ros_gz_gazebo
-- Installing: /home/atwalm/cs_classes/robotics/ros-lab-2/install/ros_gz_gazebo/share/ament_index/resource_index/parent_prefix_path/ros_gz_gazebo
-- Installing: /home/atwalm/cs_classes/robotics/ros-lab-2/install/ros_gz_gazebo/share/ros_gz_gazebo/environment/ament_prefix_path.sh
-- Installing: /home/atwalm/cs_classes/robotics/ros-lab-2/install/ros_gz_gazebo/share/ros_gz_gazebo/environment/ament_prefix_path.dsv
-- Installing: /home/atwalm/cs_classes/robotics/ros-lab-2/install/ros_gz_gazebo/share/ros_gz_gazebo/environment/path.sh
-- Installing: /home/atwalm/cs_classes/robotics/ros-lab-2/install/ros_gz_gazebo/share/ros_gz_gazebo/environment/path.dsv
-- Installing: /home/atwalm/cs_classes/robotics/ros-lab-2/install/ros_gz_gazebo/share/ros_gz_gazebo/local_setup.bash
-- Installing: /home/atwalm/cs_classes/robotics/ros-lab-2/install/ros_gz_gazebo/share/ros_gz_gazebo/local_setup.sh
-- Installing: /home/atwalm/cs_classes/robotics/ros-lab-2/install/ros_gz_gazebo/share/ros_gz_gazebo/local_setup.zsh
-- Installing: /home/atwalm/cs_classes/robotics/ros-lab-2/install/ros_gz_gazebo/share/ros_gz_gazebo/local_setup.dsv
-- Installing: /home/atwalm/cs_classes/robotics/ros-lab-2/install/ros_gz_gazebo/share/ros_gz_gazebo/package.dsv
-- Installing: /home/atwalm/cs_classes/robotics/ros-lab-2/install/ros_gz_gazebo/share/ament_index/resource_index/packages/ros_gz_gazebo
-- Installing: /home/atwalm/cs_classes/robotics/ros-lab-2/install/ros_gz_gazebo/share/ros_gz_gazebo/cmake/ros_gz_gazeboConfig.cmake
-- Installing: /home/atwalm/cs_classes/robotics/ros-lab-2/install/ros_gz_gazebo/share/ros_gz_gazebo/cmake/ros_gz_gazeboConfig-version.cmake
-- Installing: /home/atwalm/cs_classes/robotics/ros-lab-2/install/ros_gz_gazebo/share/ros_gz_gazebo/package.xml
