[0.016s] Invoking command in '/home/atwalm/cs_classes/robotics/ros-lab-2/build/ros_gz_gazebo': CMAKE_PREFIX_PATH=/home/atwalm/cs_classes/robotics/ros-lab-2/install/ros_gz_description:/opt/ros/jazzy/opt/gz_sim_vendor:/opt/ros/jazzy/opt/gz_sensors_vendor:/opt/ros/jazzy/opt/gz_physics_vendor:/opt/ros/jazzy/opt/sdformat_vendor:/opt/ros/jazzy/opt/gz_gui_vendor:/opt/ros/jazzy/opt/gz_transport_vendor:/opt/ros/jazzy/opt/gz_rendering_vendor:/opt/ros/jazzy/opt/gz_plugin_vendor:/opt/ros/jazzy/opt/gz_fuel_tools_vendor:/opt/ros/jazzy/opt/gz_msgs_vendor:/opt/ros/jazzy/opt/gz_common_vendor:/opt/ros/jazzy/opt/gz_math_vendor:/opt/ros/jazzy/opt/gz_utils_vendor:/opt/ros/jazzy/opt/gz_tools_vendor:/opt/ros/jazzy/opt/gz_ogre_next_vendor:/opt/ros/jazzy/opt/gz_dartsim_vendor:/opt/ros/jazzy/opt/gz_cmake_vendor:/opt/ros/jazzy PS1=<ROS2-Jazzy>[\u@\h \W]$ /usr/bin/cmake --build /home/atwalm/cs_classes/robotics/ros-lab-2/build/ros_gz_gazebo -- -j28 -l28
[0.063s] [ 50%] [32mBuilding CXX object CMakeFiles/FullSystem.dir/src/FullSystem.cc.o[0m
[0.063s] [ 50%] [32mBuilding CXX object CMakeFiles/BasicSystem.dir/src/BasicSystem.cc.o[0m
[1.219s] [ 75%] [32m[1mLinking CXX shared library libBasicSystem.so[0m
[1.258s] [100%] [32m[1mLinking CXX shared library libFullSystem.so[0m
[1.483s] [100%] Built target BasicSystem
[1.484s] [100%] Built target FullSystem
[1.505s] Invoked command in '/home/atwalm/cs_classes/robotics/ros-lab-2/build/ros_gz_gazebo' returned '0': CMAKE_PREFIX_PATH=/home/atwalm/cs_classes/robotics/ros-lab-2/install/ros_gz_description:/opt/ros/jazzy/opt/gz_sim_vendor:/opt/ros/jazzy/opt/gz_sensors_vendor:/opt/ros/jazzy/opt/gz_physics_vendor:/opt/ros/jazzy/opt/sdformat_vendor:/opt/ros/jazzy/opt/gz_gui_vendor:/opt/ros/jazzy/opt/gz_transport_vendor:/opt/ros/jazzy/opt/gz_rendering_vendor:/opt/ros/jazzy/opt/gz_plugin_vendor:/opt/ros/jazzy/opt/gz_fuel_tools_vendor:/opt/ros/jazzy/opt/gz_msgs_vendor:/opt/ros/jazzy/opt/gz_common_vendor:/opt/ros/jazzy/opt/gz_math_vendor:/opt/ros/jazzy/opt/gz_utils_vendor:/opt/ros/jazzy/opt/gz_tools_vendor:/opt/ros/jazzy/opt/gz_ogre_next_vendor:/opt/ros/jazzy/opt/gz_dartsim_vendor:/opt/ros/jazzy/opt/gz_cmake_vendor:/opt/ros/jazzy PS1=<ROS2-Jazzy>[\u@\h \W]$ /usr/bin/cmake --build /home/atwalm/cs_classes/robotics/ros-lab-2/build/ros_gz_gazebo -- -j28 -l28
[1.509s] Invoking command in '/home/atwalm/cs_classes/robotics/ros-lab-2/build/ros_gz_gazebo': CMAKE_PREFIX_PATH=/home/atwalm/cs_classes/robotics/ros-lab-2/install/ros_gz_description:/opt/ros/jazzy/opt/gz_sim_vendor:/opt/ros/jazzy/opt/gz_sensors_vendor:/opt/ros/jazzy/opt/gz_physics_vendor:/opt/ros/jazzy/opt/sdformat_vendor:/opt/ros/jazzy/opt/gz_gui_vendor:/opt/ros/jazzy/opt/gz_transport_vendor:/opt/ros/jazzy/opt/gz_rendering_vendor:/opt/ros/jazzy/opt/gz_plugin_vendor:/opt/ros/jazzy/opt/gz_fuel_tools_vendor:/opt/ros/jazzy/opt/gz_msgs_vendor:/opt/ros/jazzy/opt/gz_common_vendor:/opt/ros/jazzy/opt/gz_math_vendor:/opt/ros/jazzy/opt/gz_utils_vendor:/opt/ros/jazzy/opt/gz_tools_vendor:/opt/ros/jazzy/opt/gz_ogre_next_vendor:/opt/ros/jazzy/opt/gz_dartsim_vendor:/opt/ros/jazzy/opt/gz_cmake_vendor:/opt/ros/jazzy PS1=<ROS2-Jazzy>[\u@\h \W]$ /usr/bin/cmake --install /home/atwalm/cs_classes/robotics/ros-lab-2/build/ros_gz_gazebo
[1.524s] -- Install configuration: ""
[1.529s] -- Installing: /home/atwalm/cs_classes/robotics/ros-lab-2/install/ros_gz_gazebo/lib/ros_gz_gazebo/libBasicSystem.so
[1.545s] -- Set non-toolchain portion of runtime path of "/home/atwalm/cs_classes/robotics/ros-lab-2/install/ros_gz_gazebo/lib/ros_gz_gazebo/libBasicSystem.so" to ""
[1.547s] -- Installing: /home/atwalm/cs_classes/robotics/ros-lab-2/install/ros_gz_gazebo/lib/ros_gz_gazebo/libFullSystem.so
[1.571s] -- Set non-toolchain portion of runtime path of "/home/atwalm/cs_classes/robotics/ros-lab-2/install/ros_gz_gazebo/lib/ros_gz_gazebo/libFullSystem.so" to ""
[1.573s] -- Installing: /home/atwalm/cs_classes/robotics/ros-lab-2/install/ros_gz_gazebo/share/ros_gz_gazebo/worlds
[1.579s] -- Installing: /home/atwalm/cs_classes/robotics/ros-lab-2/install/ros_gz_gazebo/share/ros_gz_gazebo/worlds/diff_drive.sdf
[1.585s] -- Installing: /home/atwalm/cs_classes/robotics/ros-lab-2/install/ros_gz_gazebo/share/ros_gz_gazebo/worlds/maze.sdf
[1.596s] -- Installing: /home/atwalm/cs_classes/robotics/ros-lab-2/install/ros_gz_gazebo/share/ros_gz_gazebo/environment/ros_gz_gazebo.dsv
[1.603s] -- Installing: /home/atwalm/cs_classes/robotics/ros-lab-2/install/ros_gz_gazebo/share/ros_gz_gazebo/environment/ros_gz_gazebo.sh
[1.618s] -- Installing: /home/atwalm/cs_classes/robotics/ros-lab-2/install/ros_gz_gazebo/share/ament_index/resource_index/package_run_dependencies/ros_gz_gazebo
[1.631s] -- Installing: /home/atwalm/cs_classes/robotics/ros-lab-2/install/ros_gz_gazebo/share/ament_index/resource_index/parent_prefix_path/ros_gz_gazebo
[1.639s] -- Installing: /home/atwalm/cs_classes/robotics/ros-lab-2/install/ros_gz_gazebo/share/ros_gz_gazebo/environment/ament_prefix_path.sh
[1.646s] -- Installing: /home/atwalm/cs_classes/robotics/ros-lab-2/install/ros_gz_gazebo/share/ros_gz_gazebo/environment/ament_prefix_path.dsv
[1.653s] -- Installing: /home/atwalm/cs_classes/robotics/ros-lab-2/install/ros_gz_gazebo/share/ros_gz_gazebo/environment/path.sh
[1.661s] -- Installing: /home/atwalm/cs_classes/robotics/ros-lab-2/install/ros_gz_gazebo/share/ros_gz_gazebo/environment/path.dsv
[1.669s] -- Installing: /home/atwalm/cs_classes/robotics/ros-lab-2/install/ros_gz_gazebo/share/ros_gz_gazebo/local_setup.bash
[1.677s] -- Installing: /home/atwalm/cs_classes/robotics/ros-lab-2/install/ros_gz_gazebo/share/ros_gz_gazebo/local_setup.sh
[1.685s] -- Installing: /home/atwalm/cs_classes/robotics/ros-lab-2/install/ros_gz_gazebo/share/ros_gz_gazebo/local_setup.zsh
[1.693s] -- Installing: /home/atwalm/cs_classes/robotics/ros-lab-2/install/ros_gz_gazebo/share/ros_gz_gazebo/local_setup.dsv
[1.700s] -- Installing: /home/atwalm/cs_classes/robotics/ros-lab-2/install/ros_gz_gazebo/share/ros_gz_gazebo/package.dsv
[1.714s] -- Installing: /home/atwalm/cs_classes/robotics/ros-lab-2/install/ros_gz_gazebo/share/ament_index/resource_index/packages/ros_gz_gazebo
[1.726s] -- Installing: /home/atwalm/cs_classes/robotics/ros-lab-2/install/ros_gz_gazebo/share/ros_gz_gazebo/cmake/ros_gz_gazeboConfig.cmake
[1.734s] -- Installing: /home/atwalm/cs_classes/robotics/ros-lab-2/install/ros_gz_gazebo/share/ros_gz_gazebo/cmake/ros_gz_gazeboConfig-version.cmake
[1.740s] -- Installing: /home/atwalm/cs_classes/robotics/ros-lab-2/install/ros_gz_gazebo/share/ros_gz_gazebo/package.xml
[1.752s] Invoked command in '/home/atwalm/cs_classes/robotics/ros-lab-2/build/ros_gz_gazebo' returned '0': CMAKE_PREFIX_PATH=/home/atwalm/cs_classes/robotics/ros-lab-2/install/ros_gz_description:/opt/ros/jazzy/opt/gz_sim_vendor:/opt/ros/jazzy/opt/gz_sensors_vendor:/opt/ros/jazzy/opt/gz_physics_vendor:/opt/ros/jazzy/opt/sdformat_vendor:/opt/ros/jazzy/opt/gz_gui_vendor:/opt/ros/jazzy/opt/gz_transport_vendor:/opt/ros/jazzy/opt/gz_rendering_vendor:/opt/ros/jazzy/opt/gz_plugin_vendor:/opt/ros/jazzy/opt/gz_fuel_tools_vendor:/opt/ros/jazzy/opt/gz_msgs_vendor:/opt/ros/jazzy/opt/gz_common_vendor:/opt/ros/jazzy/opt/gz_math_vendor:/opt/ros/jazzy/opt/gz_utils_vendor:/opt/ros/jazzy/opt/gz_tools_vendor:/opt/ros/jazzy/opt/gz_ogre_next_vendor:/opt/ros/jazzy/opt/gz_dartsim_vendor:/opt/ros/jazzy/opt/gz_cmake_vendor:/opt/ros/jazzy PS1=<ROS2-Jazzy>[\u@\h \W]$ /usr/bin/cmake --install /home/atwalm/cs_classes/robotics/ros-lab-2/build/ros_gz_gazebo
