[0.042s] Invoking command in '/home/atwalm/cs_classes/robotics/ros-lab-2/build/ros_gz_description': CMAKE_PREFIX_PATH=${CMAKE_PREFIX_PATH}:/opt/ros/jazzy PS1=<ROS2-Jazzy>[\u@\h \W]$ /usr/bin/cmake --build /home/atwalm/cs_classes/robotics/ros-lab-2/build/ros_gz_description -- -j28 -l28
[0.223s] Invoked command in '/home/atwalm/cs_classes/robotics/ros-lab-2/build/ros_gz_description' returned '0': CMAKE_PREFIX_PATH=${CMAKE_PREFIX_PATH}:/opt/ros/jazzy PS1=<ROS2-Jazzy>[\u@\h \W]$ /usr/bin/cmake --build /home/atwalm/cs_classes/robotics/ros-lab-2/build/ros_gz_description -- -j28 -l28
[0.232s] Invoking command in '/home/atwalm/cs_classes/robotics/ros-lab-2/build/ros_gz_description': CMAKE_PREFIX_PATH=${CMAKE_PREFIX_PATH}:/opt/ros/jazzy PS1=<ROS2-Jazzy>[\u@\h \W]$ /usr/bin/cmake --install /home/atwalm/cs_classes/robotics/ros-lab-2/build/ros_gz_description
[0.239s] -- Install configuration: ""
[0.240s] -- Installing: /home/atwalm/cs_classes/robotics/ros-lab-2/install/ros_gz_description/share/ros_gz_description/models
[0.247s] -- Installing: /home/atwalm/cs_classes/robotics/ros-lab-2/install/ros_gz_description/share/ros_gz_description/models/diff_drive
[0.251s] -- Installing: /home/atwalm/cs_classes/robotics/ros-lab-2/install/ros_gz_description/share/ros_gz_description/models/diff_drive/model.sdf
[0.256s] -- Installing: /home/atwalm/cs_classes/robotics/ros-lab-2/install/ros_gz_description/share/ros_gz_description/models/diff_drive/model.config
[0.265s] -- Installing: /home/atwalm/cs_classes/robotics/ros-lab-2/install/ros_gz_description/share/ros_gz_description/environment/ros_gz_description.dsv
[0.271s] -- Installing: /home/atwalm/cs_classes/robotics/ros-lab-2/install/ros_gz_description/share/ros_gz_description/environment/ros_gz_description.sh
[0.282s] -- Installing: /home/atwalm/cs_classes/robotics/ros-lab-2/install/ros_gz_description/share/ament_index/resource_index/package_run_dependencies/ros_gz_description
[0.291s] -- Installing: /home/atwalm/cs_classes/robotics/ros-lab-2/install/ros_gz_description/share/ament_index/resource_index/parent_prefix_path/ros_gz_description
[0.297s] -- Installing: /home/atwalm/cs_classes/robotics/ros-lab-2/install/ros_gz_description/share/ros_gz_description/environment/ament_prefix_path.sh
[0.303s] -- Installing: /home/atwalm/cs_classes/robotics/ros-lab-2/install/ros_gz_description/share/ros_gz_description/environment/ament_prefix_path.dsv
[0.309s] -- Installing: /home/atwalm/cs_classes/robotics/ros-lab-2/install/ros_gz_description/share/ros_gz_description/environment/path.sh
[0.315s] -- Installing: /home/atwalm/cs_classes/robotics/ros-lab-2/install/ros_gz_description/share/ros_gz_description/environment/path.dsv
[0.321s] -- Installing: /home/atwalm/cs_classes/robotics/ros-lab-2/install/ros_gz_description/share/ros_gz_description/local_setup.bash
[0.327s] -- Installing: /home/atwalm/cs_classes/robotics/ros-lab-2/install/ros_gz_description/share/ros_gz_description/local_setup.sh
[0.333s] -- Installing: /home/atwalm/cs_classes/robotics/ros-lab-2/install/ros_gz_description/share/ros_gz_description/local_setup.zsh
[0.339s] -- Installing: /home/atwalm/cs_classes/robotics/ros-lab-2/install/ros_gz_description/share/ros_gz_description/local_setup.dsv
[0.345s] -- Installing: /home/atwalm/cs_classes/robotics/ros-lab-2/install/ros_gz_description/share/ros_gz_description/package.dsv
[0.353s] -- Installing: /home/atwalm/cs_classes/robotics/ros-lab-2/install/ros_gz_description/share/ament_index/resource_index/packages/ros_gz_description
[0.360s] -- Installing: /home/atwalm/cs_classes/robotics/ros-lab-2/install/ros_gz_description/share/ros_gz_description/cmake/ros_gz_descriptionConfig.cmake
[0.366s] -- Installing: /home/atwalm/cs_classes/robotics/ros-lab-2/install/ros_gz_description/share/ros_gz_description/cmake/ros_gz_descriptionConfig-version.cmake
[0.371s] -- Installing: /home/atwalm/cs_classes/robotics/ros-lab-2/install/ros_gz_description/share/ros_gz_description/package.xml
[0.418s] Invoked command in '/home/atwalm/cs_classes/robotics/ros-lab-2/build/ros_gz_description' returned '0': CMAKE_PREFIX_PATH=${CMAKE_PREFIX_PATH}:/opt/ros/jazzy PS1=<ROS2-Jazzy>[\u@\h \W]$ /usr/bin/cmake --install /home/atwalm/cs_classes/robotics/ros-lab-2/build/ros_gz_description
