[0.172s] Invoking command in '/home/atwalm/cs_classes/robotics/ros-lab-2/build/ros_gz_app': CMAKE_PREFIX_PATH=${CMAKE_PREFIX_PATH}:/opt/ros/jazzy PS1=<ROS2-Jazzy>[\u@\h \W]$ /usr/bin/cmake --build /home/atwalm/cs_classes/robotics/ros-lab-2/build/ros_gz_app -- -j28 -l28
[0.212s] Invoked command in '/home/atwalm/cs_classes/robotics/ros-lab-2/build/ros_gz_app' returned '0': CMAKE_PREFIX_PATH=${CMAKE_PREFIX_PATH}:/opt/ros/jazzy PS1=<ROS2-Jazzy>[\u@\h \W]$ /usr/bin/cmake --build /home/atwalm/cs_classes/robotics/ros-lab-2/build/ros_gz_app -- -j28 -l28
[0.214s] Invoking command in '/home/atwalm/cs_classes/robotics/ros-lab-2/build/ros_gz_app': CMAKE_PREFIX_PATH=${CMAKE_PREFIX_PATH}:/opt/ros/jazzy PS1=<ROS2-Jazzy>[\u@\h \W]$ /usr/bin/cmake --install /home/atwalm/cs_classes/robotics/ros-lab-2/build/ros_gz_app
[0.222s] -- Install configuration: ""
[0.229s] -- Installing: /home/atwalm/cs_classes/robotics/ros-lab-2/install/ros_gz_app/share/ament_index/resource_index/package_run_dependencies/ros_gz_app
[0.238s] -- Installing: /home/atwalm/cs_classes/robotics/ros-lab-2/install/ros_gz_app/share/ament_index/resource_index/parent_prefix_path/ros_gz_app
[0.248s] -- Installing: /home/atwalm/cs_classes/robotics/ros-lab-2/install/ros_gz_app/share/ros_gz_app/environment/ament_prefix_path.sh
[0.254s] -- Installing: /home/atwalm/cs_classes/robotics/ros-lab-2/install/ros_gz_app/share/ros_gz_app/environment/ament_prefix_path.dsv
[0.261s] -- Installing: /home/atwalm/cs_classes/robotics/ros-lab-2/install/ros_gz_app/share/ros_gz_app/environment/path.sh
[0.267s] -- Installing: /home/atwalm/cs_classes/robotics/ros-lab-2/install/ros_gz_app/share/ros_gz_app/environment/path.dsv
[0.272s] -- Installing: /home/atwalm/cs_classes/robotics/ros-lab-2/install/ros_gz_app/share/ros_gz_app/local_setup.bash
[0.278s] -- Installing: /home/atwalm/cs_classes/robotics/ros-lab-2/install/ros_gz_app/share/ros_gz_app/local_setup.sh
[0.284s] -- Installing: /home/atwalm/cs_classes/robotics/ros-lab-2/install/ros_gz_app/share/ros_gz_app/local_setup.zsh
[0.291s] -- Installing: /home/atwalm/cs_classes/robotics/ros-lab-2/install/ros_gz_app/share/ros_gz_app/local_setup.dsv
[0.297s] -- Installing: /home/atwalm/cs_classes/robotics/ros-lab-2/install/ros_gz_app/share/ros_gz_app/package.dsv
[0.305s] -- Installing: /home/atwalm/cs_classes/robotics/ros-lab-2/install/ros_gz_app/share/ament_index/resource_index/packages/ros_gz_app
[0.313s] -- Installing: /home/atwalm/cs_classes/robotics/ros-lab-2/install/ros_gz_app/share/ros_gz_app/cmake/ros_gz_appConfig.cmake
[0.319s] -- Installing: /home/atwalm/cs_classes/robotics/ros-lab-2/install/ros_gz_app/share/ros_gz_app/cmake/ros_gz_appConfig-version.cmake
[0.324s] -- Installing: /home/atwalm/cs_classes/robotics/ros-lab-2/install/ros_gz_app/share/ros_gz_app/package.xml
[0.331s] Invoked command in '/home/atwalm/cs_classes/robotics/ros-lab-2/build/ros_gz_app' returned '0': CMAKE_PREFIX_PATH=${CMAKE_PREFIX_PATH}:/opt/ros/jazzy PS1=<ROS2-Jazzy>[\u@\h \W]$ /usr/bin/cmake --install /home/atwalm/cs_classes/robotics/ros-lab-2/build/ros_gz_app
